2026-03-15 13:22:18,479 | INFO | Experiment directory: results/twc_smoke_bundle/legacy_baseline/legacy_budget_dual_20260315_132218
2026-03-15 13:22:18,480 | INFO | Selected derived parameters: {'bandwidth_sim_hz': 1440000.0, 'bandwidth_total_hz': 200040000.0, 'bs_power_budget_sim_watt': 0.5718021312729642, 'bs_total_tx_power_watt': 79.43284606933594, 'config_dir': '/home/rsadve1/FR3_DeepUnfolding/configs', 'config_path': '/home/rsadve1/FR3_DeepUnfolding/configs/twc_smoke.yaml', 'fixed_service_enabled': True, 'fs_i_max_dbm': -104.22878745280337, 'fs_i_max_watt': 3.776772528074103e-14, 'fs_noise_dbm': -94.22878745280337, 'fs_noise_watt': 3.776772460311467e-13, 'num_bs': 9, 'num_cells': 3, 'num_re_sim': 12, 'num_ut': 18, 're_scaling': 138.91666666666666, 'tf_precision': 'single', 'u_per_bs': 2, 'ue_noise_re_dbm': -114.20818753952375, 'ue_noise_re_watt': 3.794728779522947e-15, 'warning_non_integer_re_scaling': True}
2026-03-15 13:22:18,505 | INFO | freeze_topology=True -> using a single fixed BS/UE geometry for all batches and sweep points.
2026-03-15 13:22:21,971 | INFO | Sweep enabled=True variable=fs_in_target_db values=[-6.0, -10.0, -14.0]
2026-03-15 13:22:21,971 | INFO | Monte Carlo: num_batches=2 batch_size=1
2026-03-15 13:22:21,971 | INFO | Fixed service enabled=True
2026-03-15 13:22:21,973 | INFO | Sweep point fs_in_target_db=-6.0 -> snr_db=0.000, P_tot=79.433 W, noise=3.795e-15 W, I_max=9.487e-14 W
2026-03-15 13:22:49,308 | INFO | Sweep point fs_in_target_db=-10.0 -> snr_db=0.000, P_tot=79.433 W, noise=3.795e-15 W, I_max=3.777e-14 W
2026-03-15 13:23:15,819 | INFO | Sweep point fs_in_target_db=-14.0 -> snr_db=0.000, P_tot=79.433 W, noise=3.795e-15 W, I_max=1.504e-14 W
2026-03-15 13:23:29,437 | INFO | Saved metrics to results/twc_smoke_bundle/legacy_baseline/legacy_budget_dual_20260315_132218/metrics.csv
2026-03-15 13:23:29,658 | INFO | Saved plot to results/twc_smoke_bundle/legacy_baseline/legacy_budget_dual_20260315_132218/figures/summary.png
2026-03-15 13:23:29,700 | INFO | Experiment directory: results/twc_smoke_bundle/legacy_baseline/legacy_hard_null_20260315_132329
2026-03-15 13:23:29,701 | INFO | Selected derived parameters: {'bandwidth_sim_hz': 1440000.0, 'bandwidth_total_hz': 200040000.0, 'bs_power_budget_sim_watt': 0.5718021312729642, 'bs_total_tx_power_watt': 79.43284606933594, 'config_dir': '/home/rsadve1/FR3_DeepUnfolding/configs', 'config_path': '/home/rsadve1/FR3_DeepUnfolding/configs/twc_smoke.yaml', 'fixed_service_enabled': True, 'fs_i_max_dbm': -104.22878745280337, 'fs_i_max_watt': 3.776772528074103e-14, 'fs_noise_dbm': -94.22878745280337, 'fs_noise_watt': 3.776772460311467e-13, 'num_bs': 9, 'num_cells': 3, 'num_re_sim': 12, 'num_ut': 18, 're_scaling': 138.91666666666666, 'tf_precision': 'single', 'u_per_bs': 2, 'ue_noise_re_dbm': -114.20818753952375, 'ue_noise_re_watt': 3.794728779522947e-15, 'warning_non_integer_re_scaling': True}
2026-03-15 13:23:29,723 | INFO | freeze_topology=True -> using a single fixed BS/UE geometry for all batches and sweep points.
2026-03-15 13:23:29,868 | INFO | Sweep enabled=True variable=fs_in_target_db values=[-6.0, -10.0, -14.0]
2026-03-15 13:23:29,868 | INFO | Monte Carlo: num_batches=2 batch_size=1
2026-03-15 13:23:29,868 | INFO | Fixed service enabled=True
2026-03-15 13:23:29,869 | INFO | Sweep point fs_in_target_db=-6.0 -> snr_db=0.000, P_tot=79.433 W, noise=3.795e-15 W, I_max=9.487e-14 W
2026-03-15 13:23:30,842 | INFO | Sweep point fs_in_target_db=-10.0 -> snr_db=0.000, P_tot=79.433 W, noise=3.795e-15 W, I_max=3.777e-14 W
2026-03-15 13:23:31,762 | INFO | Sweep point fs_in_target_db=-14.0 -> snr_db=0.000, P_tot=79.433 W, noise=3.795e-15 W, I_max=1.504e-14 W
2026-03-15 13:23:32,687 | INFO | Saved metrics to results/twc_smoke_bundle/legacy_baseline/legacy_hard_null_20260315_132329/metrics.csv
2026-03-15 13:23:32,873 | INFO | Saved plot to results/twc_smoke_bundle/legacy_baseline/legacy_hard_null_20260315_132329/figures/summary.png
2026-03-15 13:23:32,912 | INFO | Experiment directory: results/twc_smoke_bundle/legacy_baseline/legacy_no_fs_20260315_132332
2026-03-15 13:23:32,912 | INFO | Selected derived parameters: {'bandwidth_sim_hz': 1440000.0, 'bandwidth_total_hz': 200040000.0, 'bs_power_budget_sim_watt': 0.5718021312729642, 'bs_total_tx_power_watt': 79.43284606933594, 'config_dir': '/home/rsadve1/FR3_DeepUnfolding/configs', 'config_path': '/home/rsadve1/FR3_DeepUnfolding/configs/twc_smoke.yaml', 'fixed_service_enabled': True, 'fs_i_max_dbm': -104.22878745280337, 'fs_i_max_watt': 3.776772528074103e-14, 'fs_noise_dbm': -94.22878745280337, 'fs_noise_watt': 3.776772460311467e-13, 'num_bs': 9, 'num_cells': 3, 'num_re_sim': 12, 'num_ut': 18, 're_scaling': 138.91666666666666, 'tf_precision': 'single', 'u_per_bs': 2, 'ue_noise_re_dbm': -114.20818753952375, 'ue_noise_re_watt': 3.794728779522947e-15, 'warning_non_integer_re_scaling': True}
2026-03-15 13:23:32,924 | INFO | freeze_topology=True -> using a single fixed BS/UE geometry for all batches and sweep points.
2026-03-15 13:23:33,058 | INFO | Sweep enabled=True variable=fs_in_target_db values=[-6.0, -10.0, -14.0]
2026-03-15 13:23:33,058 | INFO | Monte Carlo: num_batches=2 batch_size=1
2026-03-15 13:23:33,058 | INFO | Fixed service enabled=True
2026-03-15 13:23:33,059 | INFO | Sweep point fs_in_target_db=-6.0 -> snr_db=0.000, P_tot=79.433 W, noise=3.795e-15 W, I_max=9.487e-14 W
2026-03-15 13:23:33,939 | INFO | Sweep point fs_in_target_db=-10.0 -> snr_db=0.000, P_tot=79.433 W, noise=3.795e-15 W, I_max=3.777e-14 W
2026-03-15 13:23:34,780 | INFO | Sweep point fs_in_target_db=-14.0 -> snr_db=0.000, P_tot=79.433 W, noise=3.795e-15 W, I_max=1.504e-14 W
2026-03-15 13:23:35,631 | INFO | Saved metrics to results/twc_smoke_bundle/legacy_baseline/legacy_no_fs_20260315_132332/metrics.csv
2026-03-15 13:23:35,790 | INFO | Saved plot to results/twc_smoke_bundle/legacy_baseline/legacy_no_fs_20260315_132332/figures/summary.png
