2026-03-18 16:10:44,112 | INFO | Experiment directory: results/twc_bcx_c_full_bundle/legacy_baseline/legacy_budget_dual_20260318_161044
2026-03-18 16:10:44,113 | INFO | Selected derived parameters: {'bandwidth_sim_hz': 2880000.0, 'bandwidth_total_hz': 200040000.0, 'bs_power_budget_sim_watt': 1.1436042625459284, 'bs_total_tx_power_watt': 79.43284606933594, 'config_dir': '/home/rsadve1/FR3_DeepUnfolding/configs', 'config_path': '/home/rsadve1/FR3_DeepUnfolding/configs/twc_bcx_c_full.yaml', 'fixed_service_enabled': True, 'fs_i_max_dbm': -104.22878745280337, 'fs_i_max_watt': 3.776772528074103e-14, 'fs_noise_dbm': -94.22878745280337, 'fs_noise_watt': 3.776772460311467e-13, 'num_bs': 21, 'num_cells': 7, 'num_re_sim': 24, 'num_ut': 42, 're_scaling': 69.45833333333333, 'tf_precision': 'single', 'u_per_bs': 2, 'ue_noise_re_dbm': -114.20818753952375, 'ue_noise_re_watt': 3.794728779522947e-15, 'warning_non_integer_re_scaling': True}
2026-03-18 16:10:44,125 | INFO | Sweep enabled=True variable=fs_in_target_db values=[-6.0, -10.0, -14.0]
2026-03-18 16:10:44,125 | INFO | Monte Carlo: num_batches=4 batch_size=2
2026-03-18 16:10:44,126 | INFO | Fixed service enabled=True
2026-03-18 16:10:44,129 | INFO | Sweep point fs_in_target_db=-6.0 -> snr_db=0.000, P_tot=79.433 W, noise=3.795e-15 W, I_max=9.487e-14 W
2026-03-18 16:11:37,832 | INFO | Sweep point fs_in_target_db=-10.0 -> snr_db=0.000, P_tot=79.433 W, noise=3.795e-15 W, I_max=3.777e-14 W
2026-03-18 16:12:28,526 | INFO | Sweep point fs_in_target_db=-14.0 -> snr_db=0.000, P_tot=79.433 W, noise=3.795e-15 W, I_max=1.504e-14 W
2026-03-18 16:13:19,245 | INFO | Saved metrics to results/twc_bcx_c_full_bundle/legacy_baseline/legacy_budget_dual_20260318_161044/metrics.csv
2026-03-18 16:13:19,413 | INFO | Saved plot to results/twc_bcx_c_full_bundle/legacy_baseline/legacy_budget_dual_20260318_161044/figures/summary.png
2026-03-18 16:13:19,463 | INFO | Experiment directory: results/twc_bcx_c_full_bundle/legacy_baseline/legacy_hard_null_20260318_161319
2026-03-18 16:13:19,464 | INFO | Selected derived parameters: {'bandwidth_sim_hz': 2880000.0, 'bandwidth_total_hz': 200040000.0, 'bs_power_budget_sim_watt': 1.1436042625459284, 'bs_total_tx_power_watt': 79.43284606933594, 'config_dir': '/home/rsadve1/FR3_DeepUnfolding/configs', 'config_path': '/home/rsadve1/FR3_DeepUnfolding/configs/twc_bcx_c_full.yaml', 'fixed_service_enabled': True, 'fs_i_max_dbm': -104.22878745280337, 'fs_i_max_watt': 3.776772528074103e-14, 'fs_noise_dbm': -94.22878745280337, 'fs_noise_watt': 3.776772460311467e-13, 'num_bs': 21, 'num_cells': 7, 'num_re_sim': 24, 'num_ut': 42, 're_scaling': 69.45833333333333, 'tf_precision': 'single', 'u_per_bs': 2, 'ue_noise_re_dbm': -114.20818753952375, 'ue_noise_re_watt': 3.794728779522947e-15, 'warning_non_integer_re_scaling': True}
2026-03-18 16:13:19,476 | INFO | Sweep enabled=True variable=fs_in_target_db values=[-6.0, -10.0, -14.0]
2026-03-18 16:13:19,476 | INFO | Monte Carlo: num_batches=4 batch_size=2
2026-03-18 16:13:19,476 | INFO | Fixed service enabled=True
2026-03-18 16:13:19,479 | INFO | Sweep point fs_in_target_db=-6.0 -> snr_db=0.000, P_tot=79.433 W, noise=3.795e-15 W, I_max=9.487e-14 W
2026-03-18 16:13:21,709 | INFO | Sweep point fs_in_target_db=-10.0 -> snr_db=0.000, P_tot=79.433 W, noise=3.795e-15 W, I_max=3.777e-14 W
2026-03-18 16:13:23,843 | INFO | Sweep point fs_in_target_db=-14.0 -> snr_db=0.000, P_tot=79.433 W, noise=3.795e-15 W, I_max=1.504e-14 W
2026-03-18 16:13:25,987 | INFO | Saved metrics to results/twc_bcx_c_full_bundle/legacy_baseline/legacy_hard_null_20260318_161319/metrics.csv
2026-03-18 16:13:26,132 | INFO | Saved plot to results/twc_bcx_c_full_bundle/legacy_baseline/legacy_hard_null_20260318_161319/figures/summary.png
2026-03-18 16:13:26,178 | INFO | Experiment directory: results/twc_bcx_c_full_bundle/legacy_baseline/legacy_no_fs_20260318_161326
2026-03-18 16:13:26,178 | INFO | Selected derived parameters: {'bandwidth_sim_hz': 2880000.0, 'bandwidth_total_hz': 200040000.0, 'bs_power_budget_sim_watt': 1.1436042625459284, 'bs_total_tx_power_watt': 79.43284606933594, 'config_dir': '/home/rsadve1/FR3_DeepUnfolding/configs', 'config_path': '/home/rsadve1/FR3_DeepUnfolding/configs/twc_bcx_c_full.yaml', 'fixed_service_enabled': True, 'fs_i_max_dbm': -104.22878745280337, 'fs_i_max_watt': 3.776772528074103e-14, 'fs_noise_dbm': -94.22878745280337, 'fs_noise_watt': 3.776772460311467e-13, 'num_bs': 21, 'num_cells': 7, 'num_re_sim': 24, 'num_ut': 42, 're_scaling': 69.45833333333333, 'tf_precision': 'single', 'u_per_bs': 2, 'ue_noise_re_dbm': -114.20818753952375, 'ue_noise_re_watt': 3.794728779522947e-15, 'warning_non_integer_re_scaling': True}
2026-03-18 16:13:26,191 | INFO | Sweep enabled=True variable=fs_in_target_db values=[-6.0, -10.0, -14.0]
2026-03-18 16:13:26,191 | INFO | Monte Carlo: num_batches=4 batch_size=2
2026-03-18 16:13:26,191 | INFO | Fixed service enabled=True
2026-03-18 16:13:26,194 | INFO | Sweep point fs_in_target_db=-6.0 -> snr_db=0.000, P_tot=79.433 W, noise=3.795e-15 W, I_max=9.487e-14 W
2026-03-18 16:13:28,194 | INFO | Sweep point fs_in_target_db=-10.0 -> snr_db=0.000, P_tot=79.433 W, noise=3.795e-15 W, I_max=3.777e-14 W
2026-03-18 16:13:30,100 | INFO | Sweep point fs_in_target_db=-14.0 -> snr_db=0.000, P_tot=79.433 W, noise=3.795e-15 W, I_max=1.504e-14 W
2026-03-18 16:13:32,023 | INFO | Saved metrics to results/twc_bcx_c_full_bundle/legacy_baseline/legacy_no_fs_20260318_161326/metrics.csv
2026-03-18 16:13:32,171 | INFO | Saved plot to results/twc_bcx_c_full_bundle/legacy_baseline/legacy_no_fs_20260318_161326/figures/summary.png
