2026-03-16 11:35:22,520 | INFO | Experiment directory: results/twc_pd_smoke_bundle/legacy_baseline/legacy_budget_dual_20260316_113522
2026-03-16 11:35:22,521 | INFO | Selected derived parameters: {'bandwidth_sim_hz': 1440000.0, 'bandwidth_total_hz': 200040000.0, 'bs_power_budget_sim_watt': 0.5718021312729642, 'bs_total_tx_power_watt': 79.43284606933594, 'config_dir': '/home/rsadve1/FR3_DeepUnfolding/configs', 'config_path': '/home/rsadve1/FR3_DeepUnfolding/configs/twc_pd_smoke.yaml', 'fixed_service_enabled': True, 'fs_i_max_dbm': -104.22878745280337, 'fs_i_max_watt': 3.776772528074103e-14, 'fs_noise_dbm': -94.22878745280337, 'fs_noise_watt': 3.776772460311467e-13, 'num_bs': 9, 'num_cells': 3, 'num_re_sim': 12, 'num_ut': 18, 're_scaling': 138.91666666666666, 'tf_precision': 'single', 'u_per_bs': 2, 'ue_noise_re_dbm': -114.20818753952375, 'ue_noise_re_watt': 3.794728779522947e-15, 'warning_non_integer_re_scaling': True}
2026-03-16 11:35:22,532 | INFO | Sweep enabled=True variable=fs_in_target_db values=[-6.0, -10.0, -14.0]
2026-03-16 11:35:22,532 | INFO | Monte Carlo: num_batches=2 batch_size=1
2026-03-16 11:35:22,532 | INFO | Fixed service enabled=True
2026-03-16 11:35:22,536 | INFO | Sweep point fs_in_target_db=-6.0 -> snr_db=0.000, P_tot=79.433 W, noise=3.795e-15 W, I_max=9.487e-14 W
2026-03-16 11:35:40,207 | INFO | Sweep point fs_in_target_db=-10.0 -> snr_db=0.000, P_tot=79.433 W, noise=3.795e-15 W, I_max=3.777e-14 W
2026-03-16 11:36:06,996 | INFO | Sweep point fs_in_target_db=-14.0 -> snr_db=0.000, P_tot=79.433 W, noise=3.795e-15 W, I_max=1.504e-14 W
2026-03-16 11:36:33,690 | INFO | Saved metrics to results/twc_pd_smoke_bundle/legacy_baseline/legacy_budget_dual_20260316_113522/metrics.csv
2026-03-16 11:36:33,913 | INFO | Saved plot to results/twc_pd_smoke_bundle/legacy_baseline/legacy_budget_dual_20260316_113522/figures/summary.png
2026-03-16 11:36:33,958 | INFO | Experiment directory: results/twc_pd_smoke_bundle/legacy_baseline/legacy_hard_null_20260316_113633
2026-03-16 11:36:33,958 | INFO | Selected derived parameters: {'bandwidth_sim_hz': 1440000.0, 'bandwidth_total_hz': 200040000.0, 'bs_power_budget_sim_watt': 0.5718021312729642, 'bs_total_tx_power_watt': 79.43284606933594, 'config_dir': '/home/rsadve1/FR3_DeepUnfolding/configs', 'config_path': '/home/rsadve1/FR3_DeepUnfolding/configs/twc_pd_smoke.yaml', 'fixed_service_enabled': True, 'fs_i_max_dbm': -104.22878745280337, 'fs_i_max_watt': 3.776772528074103e-14, 'fs_noise_dbm': -94.22878745280337, 'fs_noise_watt': 3.776772460311467e-13, 'num_bs': 9, 'num_cells': 3, 'num_re_sim': 12, 'num_ut': 18, 're_scaling': 138.91666666666666, 'tf_precision': 'single', 'u_per_bs': 2, 'ue_noise_re_dbm': -114.20818753952375, 'ue_noise_re_watt': 3.794728779522947e-15, 'warning_non_integer_re_scaling': True}
2026-03-16 11:36:33,970 | INFO | Sweep enabled=True variable=fs_in_target_db values=[-6.0, -10.0, -14.0]
2026-03-16 11:36:33,970 | INFO | Monte Carlo: num_batches=2 batch_size=1
2026-03-16 11:36:33,970 | INFO | Fixed service enabled=True
2026-03-16 11:36:33,973 | INFO | Sweep point fs_in_target_db=-6.0 -> snr_db=0.000, P_tot=79.433 W, noise=3.795e-15 W, I_max=9.487e-14 W
2026-03-16 11:36:35,154 | INFO | Sweep point fs_in_target_db=-10.0 -> snr_db=0.000, P_tot=79.433 W, noise=3.795e-15 W, I_max=3.777e-14 W
2026-03-16 11:36:36,223 | INFO | Sweep point fs_in_target_db=-14.0 -> snr_db=0.000, P_tot=79.433 W, noise=3.795e-15 W, I_max=1.504e-14 W
2026-03-16 11:36:37,289 | INFO | Saved metrics to results/twc_pd_smoke_bundle/legacy_baseline/legacy_hard_null_20260316_113633/metrics.csv
2026-03-16 11:36:37,440 | INFO | Saved plot to results/twc_pd_smoke_bundle/legacy_baseline/legacy_hard_null_20260316_113633/figures/summary.png
2026-03-16 11:36:37,477 | INFO | Experiment directory: results/twc_pd_smoke_bundle/legacy_baseline/legacy_no_fs_20260316_113637
2026-03-16 11:36:37,478 | INFO | Selected derived parameters: {'bandwidth_sim_hz': 1440000.0, 'bandwidth_total_hz': 200040000.0, 'bs_power_budget_sim_watt': 0.5718021312729642, 'bs_total_tx_power_watt': 79.43284606933594, 'config_dir': '/home/rsadve1/FR3_DeepUnfolding/configs', 'config_path': '/home/rsadve1/FR3_DeepUnfolding/configs/twc_pd_smoke.yaml', 'fixed_service_enabled': True, 'fs_i_max_dbm': -104.22878745280337, 'fs_i_max_watt': 3.776772528074103e-14, 'fs_noise_dbm': -94.22878745280337, 'fs_noise_watt': 3.776772460311467e-13, 'num_bs': 9, 'num_cells': 3, 'num_re_sim': 12, 'num_ut': 18, 're_scaling': 138.91666666666666, 'tf_precision': 'single', 'u_per_bs': 2, 'ue_noise_re_dbm': -114.20818753952375, 'ue_noise_re_watt': 3.794728779522947e-15, 'warning_non_integer_re_scaling': True}
2026-03-16 11:36:37,489 | INFO | Sweep enabled=True variable=fs_in_target_db values=[-6.0, -10.0, -14.0]
2026-03-16 11:36:37,489 | INFO | Monte Carlo: num_batches=2 batch_size=1
2026-03-16 11:36:37,489 | INFO | Fixed service enabled=True
2026-03-16 11:36:37,492 | INFO | Sweep point fs_in_target_db=-6.0 -> snr_db=0.000, P_tot=79.433 W, noise=3.795e-15 W, I_max=9.487e-14 W
2026-03-16 11:36:38,575 | INFO | Sweep point fs_in_target_db=-10.0 -> snr_db=0.000, P_tot=79.433 W, noise=3.795e-15 W, I_max=3.777e-14 W
2026-03-16 11:36:39,566 | INFO | Sweep point fs_in_target_db=-14.0 -> snr_db=0.000, P_tot=79.433 W, noise=3.795e-15 W, I_max=1.504e-14 W
2026-03-16 11:36:40,559 | INFO | Saved metrics to results/twc_pd_smoke_bundle/legacy_baseline/legacy_no_fs_20260316_113637/metrics.csv
2026-03-16 11:36:40,713 | INFO | Saved plot to results/twc_pd_smoke_bundle/legacy_baseline/legacy_no_fs_20260316_113637/figures/summary.png
