2026-03-15 20:22:56,189 | INFO | Experiment directory: results/twc_full_bundle/legacy_baseline/legacy_budget_dual_20260315_202256
2026-03-15 20:22:56,200 | INFO | Selected derived parameters: {'bandwidth_sim_hz': 2880000.0, 'bandwidth_total_hz': 200040000.0, 'bs_power_budget_sim_watt': 1.1436042625459284, 'bs_total_tx_power_watt': 79.43284606933594, 'config_dir': '/home/rsadve1/FR3_DeepUnfolding/configs', 'config_path': '/home/rsadve1/FR3_DeepUnfolding/configs/twc_legacy_baseline.yaml', 'fixed_service_enabled': True, 'fs_i_max_dbm': -104.22878745280337, 'fs_i_max_watt': 3.776772528074103e-14, 'fs_noise_dbm': -94.22878745280337, 'fs_noise_watt': 3.776772460311467e-13, 'num_bs': 21, 'num_cells': 7, 'num_re_sim': 24, 'num_ut': 42, 're_scaling': 69.45833333333333, 'tf_precision': 'single', 'u_per_bs': 2, 'ue_noise_re_dbm': -114.20818753952375, 'ue_noise_re_watt': 3.794728779522947e-15, 'warning_non_integer_re_scaling': True}
2026-03-15 20:22:56,217 | INFO | freeze_topology=True -> using a single fixed BS/UE geometry for all batches and sweep points.
2026-03-15 20:22:59,505 | INFO | Sweep enabled=True variable=fs_in_target_db values=[-6.0, -10.0, -14.0]
2026-03-15 20:22:59,505 | INFO | Monte Carlo: num_batches=4 batch_size=2
2026-03-15 20:22:59,505 | INFO | Fixed service enabled=True
2026-03-15 20:22:59,506 | INFO | Sweep point fs_in_target_db=-6.0 -> snr_db=0.000, P_tot=79.433 W, noise=3.795e-15 W, I_max=9.487e-14 W
2026-03-15 20:23:52,173 | INFO | Sweep point fs_in_target_db=-10.0 -> snr_db=0.000, P_tot=79.433 W, noise=3.795e-15 W, I_max=3.777e-14 W
2026-03-15 20:24:44,034 | INFO | Sweep point fs_in_target_db=-14.0 -> snr_db=0.000, P_tot=79.433 W, noise=3.795e-15 W, I_max=1.504e-14 W
2026-03-15 20:25:36,192 | INFO | Saved metrics to results/twc_full_bundle/legacy_baseline/legacy_budget_dual_20260315_202256/metrics.csv
2026-03-15 20:25:36,395 | INFO | Saved plot to results/twc_full_bundle/legacy_baseline/legacy_budget_dual_20260315_202256/figures/summary.png
2026-03-15 20:25:36,440 | INFO | Experiment directory: results/twc_full_bundle/legacy_baseline/legacy_hard_null_20260315_202536
2026-03-15 20:25:36,440 | INFO | Selected derived parameters: {'bandwidth_sim_hz': 2880000.0, 'bandwidth_total_hz': 200040000.0, 'bs_power_budget_sim_watt': 1.1436042625459284, 'bs_total_tx_power_watt': 79.43284606933594, 'config_dir': '/home/rsadve1/FR3_DeepUnfolding/configs', 'config_path': '/home/rsadve1/FR3_DeepUnfolding/configs/twc_legacy_baseline.yaml', 'fixed_service_enabled': True, 'fs_i_max_dbm': -104.22878745280337, 'fs_i_max_watt': 3.776772528074103e-14, 'fs_noise_dbm': -94.22878745280337, 'fs_noise_watt': 3.776772460311467e-13, 'num_bs': 21, 'num_cells': 7, 'num_re_sim': 24, 'num_ut': 42, 're_scaling': 69.45833333333333, 'tf_precision': 'single', 'u_per_bs': 2, 'ue_noise_re_dbm': -114.20818753952375, 'ue_noise_re_watt': 3.794728779522947e-15, 'warning_non_integer_re_scaling': True}
2026-03-15 20:25:36,450 | INFO | freeze_topology=True -> using a single fixed BS/UE geometry for all batches and sweep points.
2026-03-15 20:25:36,589 | INFO | Sweep enabled=True variable=fs_in_target_db values=[-6.0, -10.0, -14.0]
2026-03-15 20:25:36,589 | INFO | Monte Carlo: num_batches=4 batch_size=2
2026-03-15 20:25:36,589 | INFO | Fixed service enabled=True
2026-03-15 20:25:36,590 | INFO | Sweep point fs_in_target_db=-6.0 -> snr_db=0.000, P_tot=79.433 W, noise=3.795e-15 W, I_max=9.487e-14 W
2026-03-15 20:25:38,523 | INFO | Sweep point fs_in_target_db=-10.0 -> snr_db=0.000, P_tot=79.433 W, noise=3.795e-15 W, I_max=3.777e-14 W
2026-03-15 20:25:40,383 | INFO | Sweep point fs_in_target_db=-14.0 -> snr_db=0.000, P_tot=79.433 W, noise=3.795e-15 W, I_max=1.504e-14 W
2026-03-15 20:25:42,254 | INFO | Saved metrics to results/twc_full_bundle/legacy_baseline/legacy_hard_null_20260315_202536/metrics.csv
2026-03-15 20:25:42,415 | INFO | Saved plot to results/twc_full_bundle/legacy_baseline/legacy_hard_null_20260315_202536/figures/summary.png
2026-03-15 20:25:42,456 | INFO | Experiment directory: results/twc_full_bundle/legacy_baseline/legacy_no_fs_20260315_202542
2026-03-15 20:25:42,456 | INFO | Selected derived parameters: {'bandwidth_sim_hz': 2880000.0, 'bandwidth_total_hz': 200040000.0, 'bs_power_budget_sim_watt': 1.1436042625459284, 'bs_total_tx_power_watt': 79.43284606933594, 'config_dir': '/home/rsadve1/FR3_DeepUnfolding/configs', 'config_path': '/home/rsadve1/FR3_DeepUnfolding/configs/twc_legacy_baseline.yaml', 'fixed_service_enabled': True, 'fs_i_max_dbm': -104.22878745280337, 'fs_i_max_watt': 3.776772528074103e-14, 'fs_noise_dbm': -94.22878745280337, 'fs_noise_watt': 3.776772460311467e-13, 'num_bs': 21, 'num_cells': 7, 'num_re_sim': 24, 'num_ut': 42, 're_scaling': 69.45833333333333, 'tf_precision': 'single', 'u_per_bs': 2, 'ue_noise_re_dbm': -114.20818753952375, 'ue_noise_re_watt': 3.794728779522947e-15, 'warning_non_integer_re_scaling': True}
2026-03-15 20:25:42,475 | INFO | freeze_topology=True -> using a single fixed BS/UE geometry for all batches and sweep points.
2026-03-15 20:25:42,608 | INFO | Sweep enabled=True variable=fs_in_target_db values=[-6.0, -10.0, -14.0]
2026-03-15 20:25:42,608 | INFO | Monte Carlo: num_batches=4 batch_size=2
2026-03-15 20:25:42,608 | INFO | Fixed service enabled=True
2026-03-15 20:25:42,609 | INFO | Sweep point fs_in_target_db=-6.0 -> snr_db=0.000, P_tot=79.433 W, noise=3.795e-15 W, I_max=9.487e-14 W
2026-03-15 20:25:44,300 | INFO | Sweep point fs_in_target_db=-10.0 -> snr_db=0.000, P_tot=79.433 W, noise=3.795e-15 W, I_max=3.777e-14 W
2026-03-15 20:25:45,949 | INFO | Sweep point fs_in_target_db=-14.0 -> snr_db=0.000, P_tot=79.433 W, noise=3.795e-15 W, I_max=1.504e-14 W
2026-03-15 20:25:47,604 | INFO | Saved metrics to results/twc_full_bundle/legacy_baseline/legacy_no_fs_20260315_202542/metrics.csv
2026-03-15 20:25:47,767 | INFO | Saved plot to results/twc_full_bundle/legacy_baseline/legacy_no_fs_20260315_202542/figures/summary.png
