2026-03-18 18:33:41,013 | INFO | Experiment directory: results/twc_bcy_d_smoke_bundle/legacy_baseline/legacy_budget_dual_20260318_183341
2026-03-18 18:33:41,026 | INFO | Selected derived parameters: {'bandwidth_sim_hz': 1440000.0, 'bandwidth_total_hz': 200040000.0, 'bs_power_budget_sim_watt': 0.5718021312729642, 'bs_total_tx_power_watt': 79.43284606933594, 'config_dir': '/home/rsadve1/FR3_DeepUnfolding/configs', 'config_path': '/home/rsadve1/FR3_DeepUnfolding/configs/twc_bcy_d_smoke.yaml', 'fixed_service_enabled': True, 'fs_i_max_dbm': -104.22878745280337, 'fs_i_max_watt': 3.776772528074103e-14, 'fs_noise_dbm': -94.22878745280337, 'fs_noise_watt': 3.776772460311467e-13, 'num_bs': 9, 'num_cells': 3, 'num_re_sim': 12, 'num_ut': 18, 're_scaling': 138.91666666666666, 'tf_precision': 'single', 'u_per_bs': 2, 'ue_noise_re_dbm': -114.20818753952375, 'ue_noise_re_watt': 3.794728779522947e-15, 'warning_non_integer_re_scaling': True}
2026-03-18 18:33:41,039 | INFO | Sweep enabled=True variable=fs_in_target_db values=[-6.0, -10.0, -14.0]
2026-03-18 18:33:41,039 | INFO | Monte Carlo: num_batches=2 batch_size=1
2026-03-18 18:33:41,039 | INFO | Fixed service enabled=True
2026-03-18 18:33:41,042 | INFO | Sweep point fs_in_target_db=-6.0 -> snr_db=0.000, P_tot=79.433 W, noise=3.795e-15 W, I_max=9.487e-14 W
2026-03-18 18:33:58,698 | INFO | Sweep point fs_in_target_db=-10.0 -> snr_db=0.000, P_tot=79.433 W, noise=3.795e-15 W, I_max=3.777e-14 W
2026-03-18 18:34:24,709 | INFO | Sweep point fs_in_target_db=-14.0 -> snr_db=0.000, P_tot=79.433 W, noise=3.795e-15 W, I_max=1.504e-14 W
2026-03-18 18:34:50,662 | INFO | Saved metrics to results/twc_bcy_d_smoke_bundle/legacy_baseline/legacy_budget_dual_20260318_183341/metrics.csv
2026-03-18 18:34:50,872 | INFO | Saved plot to results/twc_bcy_d_smoke_bundle/legacy_baseline/legacy_budget_dual_20260318_183341/figures/summary.png
2026-03-18 18:34:50,919 | INFO | Experiment directory: results/twc_bcy_d_smoke_bundle/legacy_baseline/legacy_hard_null_20260318_183450
2026-03-18 18:34:50,919 | INFO | Selected derived parameters: {'bandwidth_sim_hz': 1440000.0, 'bandwidth_total_hz': 200040000.0, 'bs_power_budget_sim_watt': 0.5718021312729642, 'bs_total_tx_power_watt': 79.43284606933594, 'config_dir': '/home/rsadve1/FR3_DeepUnfolding/configs', 'config_path': '/home/rsadve1/FR3_DeepUnfolding/configs/twc_bcy_d_smoke.yaml', 'fixed_service_enabled': True, 'fs_i_max_dbm': -104.22878745280337, 'fs_i_max_watt': 3.776772528074103e-14, 'fs_noise_dbm': -94.22878745280337, 'fs_noise_watt': 3.776772460311467e-13, 'num_bs': 9, 'num_cells': 3, 'num_re_sim': 12, 'num_ut': 18, 're_scaling': 138.91666666666666, 'tf_precision': 'single', 'u_per_bs': 2, 'ue_noise_re_dbm': -114.20818753952375, 'ue_noise_re_watt': 3.794728779522947e-15, 'warning_non_integer_re_scaling': True}
2026-03-18 18:34:50,932 | INFO | Sweep enabled=True variable=fs_in_target_db values=[-6.0, -10.0, -14.0]
2026-03-18 18:34:50,932 | INFO | Monte Carlo: num_batches=2 batch_size=1
2026-03-18 18:34:50,932 | INFO | Fixed service enabled=True
2026-03-18 18:34:50,935 | INFO | Sweep point fs_in_target_db=-6.0 -> snr_db=0.000, P_tot=79.433 W, noise=3.795e-15 W, I_max=9.487e-14 W
2026-03-18 18:34:52,108 | INFO | Sweep point fs_in_target_db=-10.0 -> snr_db=0.000, P_tot=79.433 W, noise=3.795e-15 W, I_max=3.777e-14 W
2026-03-18 18:34:53,172 | INFO | Sweep point fs_in_target_db=-14.0 -> snr_db=0.000, P_tot=79.433 W, noise=3.795e-15 W, I_max=1.504e-14 W
2026-03-18 18:34:54,238 | INFO | Saved metrics to results/twc_bcy_d_smoke_bundle/legacy_baseline/legacy_hard_null_20260318_183450/metrics.csv
2026-03-18 18:34:54,384 | INFO | Saved plot to results/twc_bcy_d_smoke_bundle/legacy_baseline/legacy_hard_null_20260318_183450/figures/summary.png
2026-03-18 18:34:54,425 | INFO | Experiment directory: results/twc_bcy_d_smoke_bundle/legacy_baseline/legacy_no_fs_20260318_183454
2026-03-18 18:34:54,425 | INFO | Selected derived parameters: {'bandwidth_sim_hz': 1440000.0, 'bandwidth_total_hz': 200040000.0, 'bs_power_budget_sim_watt': 0.5718021312729642, 'bs_total_tx_power_watt': 79.43284606933594, 'config_dir': '/home/rsadve1/FR3_DeepUnfolding/configs', 'config_path': '/home/rsadve1/FR3_DeepUnfolding/configs/twc_bcy_d_smoke.yaml', 'fixed_service_enabled': True, 'fs_i_max_dbm': -104.22878745280337, 'fs_i_max_watt': 3.776772528074103e-14, 'fs_noise_dbm': -94.22878745280337, 'fs_noise_watt': 3.776772460311467e-13, 'num_bs': 9, 'num_cells': 3, 'num_re_sim': 12, 'num_ut': 18, 're_scaling': 138.91666666666666, 'tf_precision': 'single', 'u_per_bs': 2, 'ue_noise_re_dbm': -114.20818753952375, 'ue_noise_re_watt': 3.794728779522947e-15, 'warning_non_integer_re_scaling': True}
2026-03-18 18:34:54,438 | INFO | Sweep enabled=True variable=fs_in_target_db values=[-6.0, -10.0, -14.0]
2026-03-18 18:34:54,438 | INFO | Monte Carlo: num_batches=2 batch_size=1
2026-03-18 18:34:54,438 | INFO | Fixed service enabled=True
2026-03-18 18:34:54,441 | INFO | Sweep point fs_in_target_db=-6.0 -> snr_db=0.000, P_tot=79.433 W, noise=3.795e-15 W, I_max=9.487e-14 W
2026-03-18 18:34:55,522 | INFO | Sweep point fs_in_target_db=-10.0 -> snr_db=0.000, P_tot=79.433 W, noise=3.795e-15 W, I_max=3.777e-14 W
2026-03-18 18:34:56,507 | INFO | Sweep point fs_in_target_db=-14.0 -> snr_db=0.000, P_tot=79.433 W, noise=3.795e-15 W, I_max=1.504e-14 W
2026-03-18 18:34:57,515 | INFO | Saved metrics to results/twc_bcy_d_smoke_bundle/legacy_baseline/legacy_no_fs_20260318_183454/metrics.csv
2026-03-18 18:34:57,690 | INFO | Saved plot to results/twc_bcy_d_smoke_bundle/legacy_baseline/legacy_no_fs_20260318_183454/figures/summary.png
