The following modules were not unloaded:
  (Use "module --force purge" to unload all):

  1) CCconfig        6)  ucx/1.14.1         11) flexiblas/3.3.1
  2) gentoo/2023     7)  libfabric/1.18.0   12) blis/0.9.0
  3) gcccore/.12.3   8)  pmix/4.2.4         13) StdEnv/2023
  4) gcc/12.3        9)  ucc/1.2.0
  5) hwloc/2.9.1     10) openmpi/4.1.5
2026-03-18 22:24:05.244797: E external/local_xla/xla/stream_executor/cuda/cuda_fft.cc:467] Unable to register cuFFT factory: Attempting to register factory for plugin cuFFT when one has already been registered
WARNING: All log messages before absl::InitializeLog() is called are written to STDERR
E0000 00:00:1773887045.401064 4173211 cuda_dnn.cc:8579] Unable to register cuDNN factory: Attempting to register factory for plugin cuDNN when one has already been registered
E0000 00:00:1773887045.452199 4173211 cuda_blas.cc:1407] Unable to register cuBLAS factory: Attempting to register factory for plugin cuBLAS when one has already been registered
W0000 00:00:1773887045.831173 4173211 computation_placer.cc:177] computation placer already registered. Please check linkage and avoid linking the same target more than once.
W0000 00:00:1773887045.831209 4173211 computation_placer.cc:177] computation placer already registered. Please check linkage and avoid linking the same target more than once.
W0000 00:00:1773887045.831222 4173211 computation_placer.cc:177] computation placer already registered. Please check linkage and avoid linking the same target more than once.
W0000 00:00:1773887045.831234 4173211 computation_placer.cc:177] computation placer already registered. Please check linkage and avoid linking the same target more than once.
2026-03-18 22:24:05.868828: I tensorflow/core/platform/cpu_feature_guard.cc:210] This TensorFlow binary is optimized to use available CPU instructions in performance-critical operations.
To enable the following instructions: AVX2 FMA, in other operations, rebuild TensorFlow with the appropriate compiler flags.
Python executable : /home/rsadve1/FR3_DeepUnfolding/fr3_twc_venv/bin/python
Python version    : 3.11.5
Repo root         : /home/rsadve1/FR3_DeepUnfolding
Repo root exists  : True
Src dir           : /home/rsadve1/FR3_DeepUnfolding/src
Src dir exists    : True
Src entries       : deep_unfolding_fr3.egg-info, fr3_sim, fr3_twc
Data dir          : /home/rsadve1/FR3_DeepUnfolding/data
Data dir exists   : True
Data entries      : ised_sms
sys.path[0:4]     : ['/home/rsadve1/FR3_DeepUnfolding/scripts', '/home/rsadve1/FR3_DeepUnfolding/src', '/cvmfs/soft.computecanada.ca/easybuild/python/site-packages', '/cvmfs/soft.computecanada.ca/custom/python/site-packages']
tensorflow        : 2.19.1+computecanada
sionna-no-rt      : 1.2.1
numpy             : 1.26.4+computecanada
pandas            : 2.2.3+computecanada
fr3_sim spec      : /home/rsadve1/FR3_DeepUnfolding/src/fr3_sim/__init__.py
fr3_twc spec      : /home/rsadve1/FR3_DeepUnfolding/src/fr3_twc/__init__.py
TF version        : 2.19.1
Visible GPUs      : 1
  GPU[0]        : PhysicalDevice(name='/physical_device:GPU:0', device_type='GPU')
fr3_sim         : OK
fr3_twc         : OK
sionna          : OK

Probe passed.
2026-03-18 22:24:14.936272: E external/local_xla/xla/stream_executor/cuda/cuda_fft.cc:467] Unable to register cuFFT factory: Attempting to register factory for plugin cuFFT when one has already been registered
WARNING: All log messages before absl::InitializeLog() is called are written to STDERR
E0000 00:00:1773887054.950697 4173699 cuda_dnn.cc:8579] Unable to register cuDNN factory: Attempting to register factory for plugin cuDNN when one has already been registered
E0000 00:00:1773887054.955158 4173699 cuda_blas.cc:1407] Unable to register cuBLAS factory: Attempting to register factory for plugin cuBLAS when one has already been registered
W0000 00:00:1773887054.969543 4173699 computation_placer.cc:177] computation placer already registered. Please check linkage and avoid linking the same target more than once.
W0000 00:00:1773887054.969574 4173699 computation_placer.cc:177] computation placer already registered. Please check linkage and avoid linking the same target more than once.
W0000 00:00:1773887054.969628 4173699 computation_placer.cc:177] computation placer already registered. Please check linkage and avoid linking the same target more than once.
W0000 00:00:1773887054.969640 4173699 computation_placer.cc:177] computation placer already registered. Please check linkage and avoid linking the same target more than once.
2026-03-18 22:24:14.974009: I tensorflow/core/platform/cpu_feature_guard.cc:210] This TensorFlow binary is optimized to use available CPU instructions in performance-critical operations.
To enable the following instructions: AVX2 FMA, in other operations, rebuild TensorFlow with the appropriate compiler flags.
I0000 00:00:1773887059.111759 4173699 gpu_device.cc:2019] Created device /job:localhost/replica:0/task:0/device:GPU:0 with 38484 MB memory:  -> device: 0, name: NVIDIA A100-SXM4-40GB, pci bus id: 0000:01:00.0, compute capability: 8.0
2026-03-18 22:24:20,225 | INFO | Experiment directory: results/twc_bcz_d10_full_bundle/legacy_baseline/legacy_budget_dual_20260318_222420
2026-03-18 22:24:20,234 | INFO | Selected derived parameters: {'bandwidth_sim_hz': 2880000.0, 'bandwidth_total_hz': 200040000.0, 'bs_power_budget_sim_watt': 1.1436042625459284, 'bs_total_tx_power_watt': 79.43284606933594, 'config_dir': '/home/rsadve1/FR3_DeepUnfolding/results/_resolved_overrides', 'config_path': '/home/rsadve1/FR3_DeepUnfolding/results/_resolved_overrides/twc_bcz_d10_full_bundle.yaml', 'fixed_service_enabled': True, 'fs_i_max_dbm': -104.22878745280337, 'fs_i_max_watt': 3.776772528074103e-14, 'fs_noise_dbm': -94.22878745280337, 'fs_noise_watt': 3.776772460311467e-13, 'num_bs': 21, 'num_cells': 7, 'num_re_sim': 24, 'num_ut': 42, 're_scaling': 69.45833333333333, 'tf_precision': 'single', 'u_per_bs': 2, 'ue_noise_re_dbm': -114.20818753952375, 'ue_noise_re_watt': 3.794728779522947e-15, 'warning_non_integer_re_scaling': True}
2026-03-18 22:24:20,247 | INFO | Sweep enabled=True variable=fs_in_target_db values=[-6.0, -10.0, -14.0]
2026-03-18 22:24:20,247 | INFO | Monte Carlo: num_batches=4 batch_size=2
2026-03-18 22:24:20,247 | INFO | Fixed service enabled=True
2026-03-18 22:24:20,250 | INFO | Sweep point fs_in_target_db=-6.0 -> snr_db=0.000, P_tot=79.433 W, noise=3.795e-15 W, I_max=9.487e-14 W
Running legacy_budget_dual ...
fs_in_target_db=-6.0:   0%|          | 0/4 [00:00<?, ?it/s]fs_in_target_db=-6.0:   0%|          | 0/4 [00:00<?, ?it/s]
Traceback (most recent call last):
  File "/home/rsadve1/FR3_DeepUnfolding/scripts/twc_run_legacy_baseline.py", line 76, in <module>
    raise SystemExit(main())
                     ^^^^^^
  File "/home/rsadve1/FR3_DeepUnfolding/scripts/twc_run_legacy_baseline.py", line 71, in main
    run_legacy_suite(REPO_ROOT / args.config, force_freeze_topology=args.force_freeze_topology)
  File "/home/rsadve1/FR3_DeepUnfolding/scripts/twc_run_legacy_baseline.py", line 56, in run_legacy_suite
    out_dir = run_experiment(cfg)
              ^^^^^^^^^^^^^^^^^^^
  File "/home/rsadve1/FR3_DeepUnfolding/src/fr3_sim/runner.py", line 241, in run_experiment
    topo = topo_fixed if topo_fixed is not None else generate_hexgrid_topology(cfg, batch_size=batch_size)
                                                     ^^^^^^^^^^^^^^^^^^^^^^^^^^^^^^^^^^^^^^^^^^^^^^^^^^^^^
  File "/home/rsadve1/FR3_DeepUnfolding/src/fr3_sim/topology.py", line 645, in generate_hexgrid_topology
    return generate_pcp_topology(cfg, batch_size)
           ^^^^^^^^^^^^^^^^^^^^^^^^^^^^^^^^^^^^^^
  File "/home/rsadve1/FR3_DeepUnfolding/src/fr3_sim/topology.py", line 376, in generate_pcp_topology
    fs_tmp = _generate_fs_from_ised_sms(cfg, dummy_topo, batch_size=1, num_fs=num_fs)
             ^^^^^^^^^^^^^^^^^^^^^^^^^^^^^^^^^^^^^^^^^^^^^^^^^^^^^^^^^^^^^^^^^^^^^^^^
  File "/home/rsadve1/FR3_DeepUnfolding/src/fr3_sim/topology.py", line 943, in _generate_fs_from_ised_sms
    fs_df = _read_csv_cached(str(fs_csv)).copy()
            ^^^^^^^^^^^^^^^^^^^^^^^^^^^^^
  File "/home/rsadve1/FR3_DeepUnfolding/src/fr3_sim/topology.py", line 120, in _read_csv_cached
    return pd.read_csv(abs_path, low_memory=False)
           ^^^^^^^^^^^^^^^^^^^^^^^^^^^^^^^^^^^^^^^
  File "/home/rsadve1/FR3_DeepUnfolding/fr3_twc_venv/lib/python3.11/site-packages/pandas/io/parsers/readers.py", line 1026, in read_csv
    return _read(filepath_or_buffer, kwds)
           ^^^^^^^^^^^^^^^^^^^^^^^^^^^^^^^
  File "/home/rsadve1/FR3_DeepUnfolding/fr3_twc_venv/lib/python3.11/site-packages/pandas/io/parsers/readers.py", line 620, in _read
    parser = TextFileReader(filepath_or_buffer, **kwds)
             ^^^^^^^^^^^^^^^^^^^^^^^^^^^^^^^^^^^^^^^^^^
  File "/home/rsadve1/FR3_DeepUnfolding/fr3_twc_venv/lib/python3.11/site-packages/pandas/io/parsers/readers.py", line 1620, in __init__
    self._engine = self._make_engine(f, self.engine)
                   ^^^^^^^^^^^^^^^^^^^^^^^^^^^^^^^^^
  File "/home/rsadve1/FR3_DeepUnfolding/fr3_twc_venv/lib/python3.11/site-packages/pandas/io/parsers/readers.py", line 1880, in _make_engine
    self.handles = get_handle(
                   ^^^^^^^^^^^
  File "/home/rsadve1/FR3_DeepUnfolding/fr3_twc_venv/lib/python3.11/site-packages/pandas/io/common.py", line 873, in get_handle
    handle = open(
             ^^^^^
FileNotFoundError: [Errno 2] No such file or directory: '/home/rsadve1/FR3_DeepUnfolding/results/data/ised_sms/ised_sms_fixed_service_20250722_header_optimized_7to15GHz.csv'
Traceback (most recent call last):
  File "/home/rsadve1/FR3_DeepUnfolding/scripts/twc_run_override_workflow.py", line 82, in <module>
    main()
  File "/home/rsadve1/FR3_DeepUnfolding/scripts/twc_run_override_workflow.py", line 78, in main
    subprocess.run(cmd, cwd=repo_root, env=env, check=True)
  File "/cvmfs/soft.computecanada.ca/easybuild/software/2023/x86-64-v3/Compiler/gcccore/python/3.11.5/lib/python3.11/subprocess.py", line 571, in run
    raise CalledProcessError(retcode, process.args,
subprocess.CalledProcessError: Command '['/home/rsadve1/FR3_DeepUnfolding/fr3_twc_venv/bin/python', 'scripts/twc_run_legacy_baseline.py', '--config', 'results/_resolved_overrides/twc_bcz_d10_full_bundle.yaml']' returned non-zero exit status 1.
