2026-03-17 01:40:19,443 | INFO | Experiment directory: results/twc_rr_full_bundle/legacy_baseline/legacy_budget_dual_20260317_014019
2026-03-17 01:40:19,443 | INFO | Selected derived parameters: {'bandwidth_sim_hz': 2880000.0, 'bandwidth_total_hz': 200040000.0, 'bs_power_budget_sim_watt': 1.1436042625459284, 'bs_total_tx_power_watt': 79.43284606933594, 'config_dir': '/home/rsadve1/FR3_DeepUnfolding/configs', 'config_path': '/home/rsadve1/FR3_DeepUnfolding/configs/twc_rr_full.yaml', 'fixed_service_enabled': True, 'fs_i_max_dbm': -104.22878745280337, 'fs_i_max_watt': 3.776772528074103e-14, 'fs_noise_dbm': -94.22878745280337, 'fs_noise_watt': 3.776772460311467e-13, 'num_bs': 21, 'num_cells': 7, 'num_re_sim': 24, 'num_ut': 42, 're_scaling': 69.45833333333333, 'tf_precision': 'single', 'u_per_bs': 2, 'ue_noise_re_dbm': -114.20818753952375, 'ue_noise_re_watt': 3.794728779522947e-15, 'warning_non_integer_re_scaling': True}
2026-03-17 01:40:19,463 | INFO | Sweep enabled=True variable=fs_in_target_db values=[-6.0, -10.0, -14.0]
2026-03-17 01:40:19,463 | INFO | Monte Carlo: num_batches=4 batch_size=2
2026-03-17 01:40:19,464 | INFO | Fixed service enabled=True
2026-03-17 01:40:19,467 | INFO | Sweep point fs_in_target_db=-6.0 -> snr_db=0.000, P_tot=79.433 W, noise=3.795e-15 W, I_max=9.487e-14 W
2026-03-17 01:41:16,208 | INFO | Sweep point fs_in_target_db=-10.0 -> snr_db=0.000, P_tot=79.433 W, noise=3.795e-15 W, I_max=3.777e-14 W
2026-03-17 01:42:09,281 | INFO | Sweep point fs_in_target_db=-14.0 -> snr_db=0.000, P_tot=79.433 W, noise=3.795e-15 W, I_max=1.504e-14 W
2026-03-17 01:43:02,342 | INFO | Saved metrics to results/twc_rr_full_bundle/legacy_baseline/legacy_budget_dual_20260317_014019/metrics.csv
2026-03-17 01:43:02,515 | INFO | Saved plot to results/twc_rr_full_bundle/legacy_baseline/legacy_budget_dual_20260317_014019/figures/summary.png
2026-03-17 01:43:02,566 | INFO | Experiment directory: results/twc_rr_full_bundle/legacy_baseline/legacy_hard_null_20260317_014302
2026-03-17 01:43:02,566 | INFO | Selected derived parameters: {'bandwidth_sim_hz': 2880000.0, 'bandwidth_total_hz': 200040000.0, 'bs_power_budget_sim_watt': 1.1436042625459284, 'bs_total_tx_power_watt': 79.43284606933594, 'config_dir': '/home/rsadve1/FR3_DeepUnfolding/configs', 'config_path': '/home/rsadve1/FR3_DeepUnfolding/configs/twc_rr_full.yaml', 'fixed_service_enabled': True, 'fs_i_max_dbm': -104.22878745280337, 'fs_i_max_watt': 3.776772528074103e-14, 'fs_noise_dbm': -94.22878745280337, 'fs_noise_watt': 3.776772460311467e-13, 'num_bs': 21, 'num_cells': 7, 'num_re_sim': 24, 'num_ut': 42, 're_scaling': 69.45833333333333, 'tf_precision': 'single', 'u_per_bs': 2, 'ue_noise_re_dbm': -114.20818753952375, 'ue_noise_re_watt': 3.794728779522947e-15, 'warning_non_integer_re_scaling': True}
2026-03-17 01:43:02,578 | INFO | Sweep enabled=True variable=fs_in_target_db values=[-6.0, -10.0, -14.0]
2026-03-17 01:43:02,578 | INFO | Monte Carlo: num_batches=4 batch_size=2
2026-03-17 01:43:02,579 | INFO | Fixed service enabled=True
2026-03-17 01:43:02,581 | INFO | Sweep point fs_in_target_db=-6.0 -> snr_db=0.000, P_tot=79.433 W, noise=3.795e-15 W, I_max=9.487e-14 W
2026-03-17 01:43:04,910 | INFO | Sweep point fs_in_target_db=-10.0 -> snr_db=0.000, P_tot=79.433 W, noise=3.795e-15 W, I_max=3.777e-14 W
2026-03-17 01:43:07,125 | INFO | Sweep point fs_in_target_db=-14.0 -> snr_db=0.000, P_tot=79.433 W, noise=3.795e-15 W, I_max=1.504e-14 W
2026-03-17 01:43:09,357 | INFO | Saved metrics to results/twc_rr_full_bundle/legacy_baseline/legacy_hard_null_20260317_014302/metrics.csv
2026-03-17 01:43:09,514 | INFO | Saved plot to results/twc_rr_full_bundle/legacy_baseline/legacy_hard_null_20260317_014302/figures/summary.png
2026-03-17 01:43:09,563 | INFO | Experiment directory: results/twc_rr_full_bundle/legacy_baseline/legacy_no_fs_20260317_014309
2026-03-17 01:43:09,563 | INFO | Selected derived parameters: {'bandwidth_sim_hz': 2880000.0, 'bandwidth_total_hz': 200040000.0, 'bs_power_budget_sim_watt': 1.1436042625459284, 'bs_total_tx_power_watt': 79.43284606933594, 'config_dir': '/home/rsadve1/FR3_DeepUnfolding/configs', 'config_path': '/home/rsadve1/FR3_DeepUnfolding/configs/twc_rr_full.yaml', 'fixed_service_enabled': True, 'fs_i_max_dbm': -104.22878745280337, 'fs_i_max_watt': 3.776772528074103e-14, 'fs_noise_dbm': -94.22878745280337, 'fs_noise_watt': 3.776772460311467e-13, 'num_bs': 21, 'num_cells': 7, 'num_re_sim': 24, 'num_ut': 42, 're_scaling': 69.45833333333333, 'tf_precision': 'single', 'u_per_bs': 2, 'ue_noise_re_dbm': -114.20818753952375, 'ue_noise_re_watt': 3.794728779522947e-15, 'warning_non_integer_re_scaling': True}
2026-03-17 01:43:09,576 | INFO | Sweep enabled=True variable=fs_in_target_db values=[-6.0, -10.0, -14.0]
2026-03-17 01:43:09,576 | INFO | Monte Carlo: num_batches=4 batch_size=2
2026-03-17 01:43:09,576 | INFO | Fixed service enabled=True
2026-03-17 01:43:09,579 | INFO | Sweep point fs_in_target_db=-6.0 -> snr_db=0.000, P_tot=79.433 W, noise=3.795e-15 W, I_max=9.487e-14 W
2026-03-17 01:43:11,660 | INFO | Sweep point fs_in_target_db=-10.0 -> snr_db=0.000, P_tot=79.433 W, noise=3.795e-15 W, I_max=3.777e-14 W
2026-03-17 01:43:13,658 | INFO | Sweep point fs_in_target_db=-14.0 -> snr_db=0.000, P_tot=79.433 W, noise=3.795e-15 W, I_max=1.504e-14 W
2026-03-17 01:43:15,648 | INFO | Saved metrics to results/twc_rr_full_bundle/legacy_baseline/legacy_no_fs_20260317_014309/metrics.csv
2026-03-17 01:43:15,799 | INFO | Saved plot to results/twc_rr_full_bundle/legacy_baseline/legacy_no_fs_20260317_014309/figures/summary.png
