2026-03-15 04:03:19,543 | INFO | Experiment directory: results/twc_smoke_bundle/legacy_baseline/legacy_budget_dual_20260315_040319
2026-03-15 04:03:19,550 | INFO | Selected derived parameters: {'bandwidth_sim_hz': 1440000.0, 'bandwidth_total_hz': 200040000.0, 'bs_power_budget_sim_watt': 0.5718021312729642, 'bs_total_tx_power_watt': 79.43284606933594, 'config_dir': '/home/rsadve1/FR3_DeepUnfolding/configs', 'config_path': '/home/rsadve1/FR3_DeepUnfolding/configs/twc_smoke.yaml', 'fixed_service_enabled': True, 'fs_i_max_dbm': -104.22878745280337, 'fs_i_max_watt': 3.776772528074103e-14, 'fs_noise_dbm': -94.22878745280337, 'fs_noise_watt': 3.776772460311467e-13, 'num_bs': 9, 'num_cells': 3, 'num_re_sim': 12, 'num_ut': 18, 're_scaling': 138.91666666666666, 'tf_precision': 'single', 'u_per_bs': 2, 'ue_noise_re_dbm': -114.20818753952375, 'ue_noise_re_watt': 3.794728779522947e-15, 'warning_non_integer_re_scaling': True}
2026-03-15 04:03:19,562 | INFO | freeze_topology=True -> using a single fixed BS/UE geometry for all batches and sweep points.
2026-03-15 04:03:22,955 | INFO | Sweep enabled=True variable=fs_in_target_db values=[-6.0, -10.0, -14.0]
2026-03-15 04:03:22,955 | INFO | Monte Carlo: num_batches=2 batch_size=1
2026-03-15 04:03:22,955 | INFO | Fixed service enabled=True
2026-03-15 04:03:22,956 | INFO | Sweep point fs_in_target_db=-6.0 -> snr_db=0.000, P_tot=79.433 W, noise=3.795e-15 W, I_max=9.487e-14 W
2026-03-15 04:03:49,259 | INFO | Sweep point fs_in_target_db=-10.0 -> snr_db=0.000, P_tot=79.433 W, noise=3.795e-15 W, I_max=3.777e-14 W
2026-03-15 04:04:15,178 | INFO | Sweep point fs_in_target_db=-14.0 -> snr_db=0.000, P_tot=79.433 W, noise=3.795e-15 W, I_max=1.504e-14 W
2026-03-15 04:04:28,636 | INFO | Saved metrics to results/twc_smoke_bundle/legacy_baseline/legacy_budget_dual_20260315_040319/metrics.csv
2026-03-15 04:04:28,847 | INFO | Saved plot to results/twc_smoke_bundle/legacy_baseline/legacy_budget_dual_20260315_040319/figures/summary.png
2026-03-15 04:04:28,888 | INFO | Experiment directory: results/twc_smoke_bundle/legacy_baseline/legacy_hard_null_20260315_040428
2026-03-15 04:04:28,888 | INFO | Selected derived parameters: {'bandwidth_sim_hz': 1440000.0, 'bandwidth_total_hz': 200040000.0, 'bs_power_budget_sim_watt': 0.5718021312729642, 'bs_total_tx_power_watt': 79.43284606933594, 'config_dir': '/home/rsadve1/FR3_DeepUnfolding/configs', 'config_path': '/home/rsadve1/FR3_DeepUnfolding/configs/twc_smoke.yaml', 'fixed_service_enabled': True, 'fs_i_max_dbm': -104.22878745280337, 'fs_i_max_watt': 3.776772528074103e-14, 'fs_noise_dbm': -94.22878745280337, 'fs_noise_watt': 3.776772460311467e-13, 'num_bs': 9, 'num_cells': 3, 'num_re_sim': 12, 'num_ut': 18, 're_scaling': 138.91666666666666, 'tf_precision': 'single', 'u_per_bs': 2, 'ue_noise_re_dbm': -114.20818753952375, 'ue_noise_re_watt': 3.794728779522947e-15, 'warning_non_integer_re_scaling': True}
2026-03-15 04:04:28,899 | INFO | freeze_topology=True -> using a single fixed BS/UE geometry for all batches and sweep points.
2026-03-15 04:04:29,039 | INFO | Sweep enabled=True variable=fs_in_target_db values=[-6.0, -10.0, -14.0]
2026-03-15 04:04:29,039 | INFO | Monte Carlo: num_batches=2 batch_size=1
2026-03-15 04:04:29,039 | INFO | Fixed service enabled=True
2026-03-15 04:04:29,040 | INFO | Sweep point fs_in_target_db=-6.0 -> snr_db=0.000, P_tot=79.433 W, noise=3.795e-15 W, I_max=9.487e-14 W
2026-03-15 04:04:30,004 | INFO | Sweep point fs_in_target_db=-10.0 -> snr_db=0.000, P_tot=79.433 W, noise=3.795e-15 W, I_max=3.777e-14 W
2026-03-15 04:04:30,909 | INFO | Sweep point fs_in_target_db=-14.0 -> snr_db=0.000, P_tot=79.433 W, noise=3.795e-15 W, I_max=1.504e-14 W
2026-03-15 04:04:31,818 | INFO | Saved metrics to results/twc_smoke_bundle/legacy_baseline/legacy_hard_null_20260315_040428/metrics.csv
2026-03-15 04:04:31,967 | INFO | Saved plot to results/twc_smoke_bundle/legacy_baseline/legacy_hard_null_20260315_040428/figures/summary.png
2026-03-15 04:04:32,006 | INFO | Experiment directory: results/twc_smoke_bundle/legacy_baseline/legacy_no_fs_20260315_040432
2026-03-15 04:04:32,007 | INFO | Selected derived parameters: {'bandwidth_sim_hz': 1440000.0, 'bandwidth_total_hz': 200040000.0, 'bs_power_budget_sim_watt': 0.5718021312729642, 'bs_total_tx_power_watt': 79.43284606933594, 'config_dir': '/home/rsadve1/FR3_DeepUnfolding/configs', 'config_path': '/home/rsadve1/FR3_DeepUnfolding/configs/twc_smoke.yaml', 'fixed_service_enabled': True, 'fs_i_max_dbm': -104.22878745280337, 'fs_i_max_watt': 3.776772528074103e-14, 'fs_noise_dbm': -94.22878745280337, 'fs_noise_watt': 3.776772460311467e-13, 'num_bs': 9, 'num_cells': 3, 'num_re_sim': 12, 'num_ut': 18, 're_scaling': 138.91666666666666, 'tf_precision': 'single', 'u_per_bs': 2, 'ue_noise_re_dbm': -114.20818753952375, 'ue_noise_re_watt': 3.794728779522947e-15, 'warning_non_integer_re_scaling': True}
2026-03-15 04:04:32,018 | INFO | freeze_topology=True -> using a single fixed BS/UE geometry for all batches and sweep points.
2026-03-15 04:04:32,151 | INFO | Sweep enabled=True variable=fs_in_target_db values=[-6.0, -10.0, -14.0]
2026-03-15 04:04:32,151 | INFO | Monte Carlo: num_batches=2 batch_size=1
2026-03-15 04:04:32,151 | INFO | Fixed service enabled=True
2026-03-15 04:04:32,152 | INFO | Sweep point fs_in_target_db=-6.0 -> snr_db=0.000, P_tot=79.433 W, noise=3.795e-15 W, I_max=9.487e-14 W
2026-03-15 04:04:33,024 | INFO | Sweep point fs_in_target_db=-10.0 -> snr_db=0.000, P_tot=79.433 W, noise=3.795e-15 W, I_max=3.777e-14 W
2026-03-15 04:04:33,846 | INFO | Sweep point fs_in_target_db=-14.0 -> snr_db=0.000, P_tot=79.433 W, noise=3.795e-15 W, I_max=1.504e-14 W
2026-03-15 04:04:34,669 | INFO | Saved metrics to results/twc_smoke_bundle/legacy_baseline/legacy_no_fs_20260315_040432/metrics.csv
2026-03-15 04:04:34,822 | INFO | Saved plot to results/twc_smoke_bundle/legacy_baseline/legacy_no_fs_20260315_040432/figures/summary.png
