2026-03-18 01:11:58,264 | INFO | Experiment directory: results/twc_rc_full_bundle/legacy_baseline/legacy_budget_dual_20260318_011158
2026-03-18 01:11:58,264 | INFO | Selected derived parameters: {'bandwidth_sim_hz': 2880000.0, 'bandwidth_total_hz': 200040000.0, 'bs_power_budget_sim_watt': 1.1436042625459284, 'bs_total_tx_power_watt': 79.43284606933594, 'config_dir': '/home/rsadve1/FR3_DeepUnfolding/configs', 'config_path': '/home/rsadve1/FR3_DeepUnfolding/configs/twc_rc_full.yaml', 'fixed_service_enabled': True, 'fs_i_max_dbm': -104.22878745280337, 'fs_i_max_watt': 3.776772528074103e-14, 'fs_noise_dbm': -94.22878745280337, 'fs_noise_watt': 3.776772460311467e-13, 'num_bs': 21, 'num_cells': 7, 'num_re_sim': 24, 'num_ut': 42, 're_scaling': 69.45833333333333, 'tf_precision': 'single', 'u_per_bs': 2, 'ue_noise_re_dbm': -114.20818753952375, 'ue_noise_re_watt': 3.794728779522947e-15, 'warning_non_integer_re_scaling': True}
2026-03-18 01:11:58,277 | INFO | Sweep enabled=True variable=fs_in_target_db values=[-6.0, -10.0, -14.0]
2026-03-18 01:11:58,277 | INFO | Monte Carlo: num_batches=4 batch_size=2
2026-03-18 01:11:58,278 | INFO | Fixed service enabled=True
2026-03-18 01:11:58,281 | INFO | Sweep point fs_in_target_db=-6.0 -> snr_db=0.000, P_tot=79.433 W, noise=3.795e-15 W, I_max=9.487e-14 W
2026-03-18 01:12:55,025 | INFO | Sweep point fs_in_target_db=-10.0 -> snr_db=0.000, P_tot=79.433 W, noise=3.795e-15 W, I_max=3.777e-14 W
2026-03-18 01:13:47,795 | INFO | Sweep point fs_in_target_db=-14.0 -> snr_db=0.000, P_tot=79.433 W, noise=3.795e-15 W, I_max=1.504e-14 W
2026-03-18 01:14:40,674 | INFO | Saved metrics to results/twc_rc_full_bundle/legacy_baseline/legacy_budget_dual_20260318_011158/metrics.csv
2026-03-18 01:14:40,891 | INFO | Saved plot to results/twc_rc_full_bundle/legacy_baseline/legacy_budget_dual_20260318_011158/figures/summary.png
2026-03-18 01:14:40,940 | INFO | Experiment directory: results/twc_rc_full_bundle/legacy_baseline/legacy_hard_null_20260318_011440
2026-03-18 01:14:40,940 | INFO | Selected derived parameters: {'bandwidth_sim_hz': 2880000.0, 'bandwidth_total_hz': 200040000.0, 'bs_power_budget_sim_watt': 1.1436042625459284, 'bs_total_tx_power_watt': 79.43284606933594, 'config_dir': '/home/rsadve1/FR3_DeepUnfolding/configs', 'config_path': '/home/rsadve1/FR3_DeepUnfolding/configs/twc_rc_full.yaml', 'fixed_service_enabled': True, 'fs_i_max_dbm': -104.22878745280337, 'fs_i_max_watt': 3.776772528074103e-14, 'fs_noise_dbm': -94.22878745280337, 'fs_noise_watt': 3.776772460311467e-13, 'num_bs': 21, 'num_cells': 7, 'num_re_sim': 24, 'num_ut': 42, 're_scaling': 69.45833333333333, 'tf_precision': 'single', 'u_per_bs': 2, 'ue_noise_re_dbm': -114.20818753952375, 'ue_noise_re_watt': 3.794728779522947e-15, 'warning_non_integer_re_scaling': True}
2026-03-18 01:14:40,960 | INFO | Sweep enabled=True variable=fs_in_target_db values=[-6.0, -10.0, -14.0]
2026-03-18 01:14:40,960 | INFO | Monte Carlo: num_batches=4 batch_size=2
2026-03-18 01:14:40,961 | INFO | Fixed service enabled=True
2026-03-18 01:14:40,964 | INFO | Sweep point fs_in_target_db=-6.0 -> snr_db=0.000, P_tot=79.433 W, noise=3.795e-15 W, I_max=9.487e-14 W
2026-03-18 01:14:43,286 | INFO | Sweep point fs_in_target_db=-10.0 -> snr_db=0.000, P_tot=79.433 W, noise=3.795e-15 W, I_max=3.777e-14 W
2026-03-18 01:14:45,498 | INFO | Sweep point fs_in_target_db=-14.0 -> snr_db=0.000, P_tot=79.433 W, noise=3.795e-15 W, I_max=1.504e-14 W
2026-03-18 01:14:47,709 | INFO | Saved metrics to results/twc_rc_full_bundle/legacy_baseline/legacy_hard_null_20260318_011440/metrics.csv
2026-03-18 01:14:47,860 | INFO | Saved plot to results/twc_rc_full_bundle/legacy_baseline/legacy_hard_null_20260318_011440/figures/summary.png
2026-03-18 01:14:47,903 | INFO | Experiment directory: results/twc_rc_full_bundle/legacy_baseline/legacy_no_fs_20260318_011447
2026-03-18 01:14:47,903 | INFO | Selected derived parameters: {'bandwidth_sim_hz': 2880000.0, 'bandwidth_total_hz': 200040000.0, 'bs_power_budget_sim_watt': 1.1436042625459284, 'bs_total_tx_power_watt': 79.43284606933594, 'config_dir': '/home/rsadve1/FR3_DeepUnfolding/configs', 'config_path': '/home/rsadve1/FR3_DeepUnfolding/configs/twc_rc_full.yaml', 'fixed_service_enabled': True, 'fs_i_max_dbm': -104.22878745280337, 'fs_i_max_watt': 3.776772528074103e-14, 'fs_noise_dbm': -94.22878745280337, 'fs_noise_watt': 3.776772460311467e-13, 'num_bs': 21, 'num_cells': 7, 'num_re_sim': 24, 'num_ut': 42, 're_scaling': 69.45833333333333, 'tf_precision': 'single', 'u_per_bs': 2, 'ue_noise_re_dbm': -114.20818753952375, 'ue_noise_re_watt': 3.794728779522947e-15, 'warning_non_integer_re_scaling': True}
2026-03-18 01:14:47,916 | INFO | Sweep enabled=True variable=fs_in_target_db values=[-6.0, -10.0, -14.0]
2026-03-18 01:14:47,916 | INFO | Monte Carlo: num_batches=4 batch_size=2
2026-03-18 01:14:47,916 | INFO | Fixed service enabled=True
2026-03-18 01:14:47,919 | INFO | Sweep point fs_in_target_db=-6.0 -> snr_db=0.000, P_tot=79.433 W, noise=3.795e-15 W, I_max=9.487e-14 W
2026-03-18 01:14:49,988 | INFO | Sweep point fs_in_target_db=-10.0 -> snr_db=0.000, P_tot=79.433 W, noise=3.795e-15 W, I_max=3.777e-14 W
2026-03-18 01:14:51,968 | INFO | Sweep point fs_in_target_db=-14.0 -> snr_db=0.000, P_tot=79.433 W, noise=3.795e-15 W, I_max=1.504e-14 W
2026-03-18 01:14:53,949 | INFO | Saved metrics to results/twc_rc_full_bundle/legacy_baseline/legacy_no_fs_20260318_011447/metrics.csv
2026-03-18 01:14:54,112 | INFO | Saved plot to results/twc_rc_full_bundle/legacy_baseline/legacy_no_fs_20260318_011447/figures/summary.png
