2026-03-17 03:03:21,587 | INFO | Experiment directory: results/twc_rr_smoke_bundle/legacy_baseline/legacy_budget_dual_20260317_030321
2026-03-17 03:03:21,588 | INFO | Selected derived parameters: {'bandwidth_sim_hz': 1440000.0, 'bandwidth_total_hz': 200040000.0, 'bs_power_budget_sim_watt': 0.5718021312729642, 'bs_total_tx_power_watt': 79.43284606933594, 'config_dir': '/home/rsadve1/FR3_DeepUnfolding/configs', 'config_path': '/home/rsadve1/FR3_DeepUnfolding/configs/twc_rr_smoke.yaml', 'fixed_service_enabled': True, 'fs_i_max_dbm': -104.22878745280337, 'fs_i_max_watt': 3.776772528074103e-14, 'fs_noise_dbm': -94.22878745280337, 'fs_noise_watt': 3.776772460311467e-13, 'num_bs': 9, 'num_cells': 3, 'num_re_sim': 12, 'num_ut': 18, 're_scaling': 138.91666666666666, 'tf_precision': 'single', 'u_per_bs': 2, 'ue_noise_re_dbm': -114.20818753952375, 'ue_noise_re_watt': 3.794728779522947e-15, 'warning_non_integer_re_scaling': True}
2026-03-17 03:03:21,601 | INFO | Sweep enabled=True variable=fs_in_target_db values=[-6.0, -10.0, -14.0]
2026-03-17 03:03:21,601 | INFO | Monte Carlo: num_batches=2 batch_size=1
2026-03-17 03:03:21,601 | INFO | Fixed service enabled=True
2026-03-17 03:03:21,604 | INFO | Sweep point fs_in_target_db=-6.0 -> snr_db=0.000, P_tot=79.433 W, noise=3.795e-15 W, I_max=9.487e-14 W
2026-03-17 03:03:39,128 | INFO | Sweep point fs_in_target_db=-10.0 -> snr_db=0.000, P_tot=79.433 W, noise=3.795e-15 W, I_max=3.777e-14 W
2026-03-17 03:04:05,471 | INFO | Sweep point fs_in_target_db=-14.0 -> snr_db=0.000, P_tot=79.433 W, noise=3.795e-15 W, I_max=1.504e-14 W
2026-03-17 03:04:31,783 | INFO | Saved metrics to results/twc_rr_smoke_bundle/legacy_baseline/legacy_budget_dual_20260317_030321/metrics.csv
2026-03-17 03:04:31,997 | INFO | Saved plot to results/twc_rr_smoke_bundle/legacy_baseline/legacy_budget_dual_20260317_030321/figures/summary.png
2026-03-17 03:04:32,044 | INFO | Experiment directory: results/twc_rr_smoke_bundle/legacy_baseline/legacy_hard_null_20260317_030432
2026-03-17 03:04:32,045 | INFO | Selected derived parameters: {'bandwidth_sim_hz': 1440000.0, 'bandwidth_total_hz': 200040000.0, 'bs_power_budget_sim_watt': 0.5718021312729642, 'bs_total_tx_power_watt': 79.43284606933594, 'config_dir': '/home/rsadve1/FR3_DeepUnfolding/configs', 'config_path': '/home/rsadve1/FR3_DeepUnfolding/configs/twc_rr_smoke.yaml', 'fixed_service_enabled': True, 'fs_i_max_dbm': -104.22878745280337, 'fs_i_max_watt': 3.776772528074103e-14, 'fs_noise_dbm': -94.22878745280337, 'fs_noise_watt': 3.776772460311467e-13, 'num_bs': 9, 'num_cells': 3, 'num_re_sim': 12, 'num_ut': 18, 're_scaling': 138.91666666666666, 'tf_precision': 'single', 'u_per_bs': 2, 'ue_noise_re_dbm': -114.20818753952375, 'ue_noise_re_watt': 3.794728779522947e-15, 'warning_non_integer_re_scaling': True}
2026-03-17 03:04:32,069 | INFO | Sweep enabled=True variable=fs_in_target_db values=[-6.0, -10.0, -14.0]
2026-03-17 03:04:32,070 | INFO | Monte Carlo: num_batches=2 batch_size=1
2026-03-17 03:04:32,070 | INFO | Fixed service enabled=True
2026-03-17 03:04:32,073 | INFO | Sweep point fs_in_target_db=-6.0 -> snr_db=0.000, P_tot=79.433 W, noise=3.795e-15 W, I_max=9.487e-14 W
2026-03-17 03:04:33,260 | INFO | Sweep point fs_in_target_db=-10.0 -> snr_db=0.000, P_tot=79.433 W, noise=3.795e-15 W, I_max=3.777e-14 W
2026-03-17 03:04:34,342 | INFO | Sweep point fs_in_target_db=-14.0 -> snr_db=0.000, P_tot=79.433 W, noise=3.795e-15 W, I_max=1.504e-14 W
2026-03-17 03:04:35,423 | INFO | Saved metrics to results/twc_rr_smoke_bundle/legacy_baseline/legacy_hard_null_20260317_030432/metrics.csv
2026-03-17 03:04:35,575 | INFO | Saved plot to results/twc_rr_smoke_bundle/legacy_baseline/legacy_hard_null_20260317_030432/figures/summary.png
2026-03-17 03:04:35,618 | INFO | Experiment directory: results/twc_rr_smoke_bundle/legacy_baseline/legacy_no_fs_20260317_030435
2026-03-17 03:04:35,618 | INFO | Selected derived parameters: {'bandwidth_sim_hz': 1440000.0, 'bandwidth_total_hz': 200040000.0, 'bs_power_budget_sim_watt': 0.5718021312729642, 'bs_total_tx_power_watt': 79.43284606933594, 'config_dir': '/home/rsadve1/FR3_DeepUnfolding/configs', 'config_path': '/home/rsadve1/FR3_DeepUnfolding/configs/twc_rr_smoke.yaml', 'fixed_service_enabled': True, 'fs_i_max_dbm': -104.22878745280337, 'fs_i_max_watt': 3.776772528074103e-14, 'fs_noise_dbm': -94.22878745280337, 'fs_noise_watt': 3.776772460311467e-13, 'num_bs': 9, 'num_cells': 3, 'num_re_sim': 12, 'num_ut': 18, 're_scaling': 138.91666666666666, 'tf_precision': 'single', 'u_per_bs': 2, 'ue_noise_re_dbm': -114.20818753952375, 'ue_noise_re_watt': 3.794728779522947e-15, 'warning_non_integer_re_scaling': True}
2026-03-17 03:04:35,631 | INFO | Sweep enabled=True variable=fs_in_target_db values=[-6.0, -10.0, -14.0]
2026-03-17 03:04:35,631 | INFO | Monte Carlo: num_batches=2 batch_size=1
2026-03-17 03:04:35,631 | INFO | Fixed service enabled=True
2026-03-17 03:04:35,634 | INFO | Sweep point fs_in_target_db=-6.0 -> snr_db=0.000, P_tot=79.433 W, noise=3.795e-15 W, I_max=9.487e-14 W
2026-03-17 03:04:36,725 | INFO | Sweep point fs_in_target_db=-10.0 -> snr_db=0.000, P_tot=79.433 W, noise=3.795e-15 W, I_max=3.777e-14 W
2026-03-17 03:04:37,712 | INFO | Sweep point fs_in_target_db=-14.0 -> snr_db=0.000, P_tot=79.433 W, noise=3.795e-15 W, I_max=1.504e-14 W
2026-03-17 03:04:38,696 | INFO | Saved metrics to results/twc_rr_smoke_bundle/legacy_baseline/legacy_no_fs_20260317_030435/metrics.csv
2026-03-17 03:04:38,850 | INFO | Saved plot to results/twc_rr_smoke_bundle/legacy_baseline/legacy_no_fs_20260317_030435/figures/summary.png
