2026-03-17 19:47:00,981 | INFO | Experiment directory: results/twc_rc_smoke_bundle/legacy_baseline/legacy_budget_dual_20260317_194700
2026-03-17 19:47:00,982 | INFO | Selected derived parameters: {'bandwidth_sim_hz': 1440000.0, 'bandwidth_total_hz': 200040000.0, 'bs_power_budget_sim_watt': 0.5718021312729642, 'bs_total_tx_power_watt': 79.43284606933594, 'config_dir': '/home/rsadve1/FR3_DeepUnfolding/configs', 'config_path': '/home/rsadve1/FR3_DeepUnfolding/configs/twc_rc_smoke.yaml', 'fixed_service_enabled': True, 'fs_i_max_dbm': -104.22878745280337, 'fs_i_max_watt': 3.776772528074103e-14, 'fs_noise_dbm': -94.22878745280337, 'fs_noise_watt': 3.776772460311467e-13, 'num_bs': 9, 'num_cells': 3, 'num_re_sim': 12, 'num_ut': 18, 're_scaling': 138.91666666666666, 'tf_precision': 'single', 'u_per_bs': 2, 'ue_noise_re_dbm': -114.20818753952375, 'ue_noise_re_watt': 3.794728779522947e-15, 'warning_non_integer_re_scaling': True}
2026-03-17 19:47:01,004 | INFO | Sweep enabled=True variable=fs_in_target_db values=[-6.0, -10.0, -14.0]
2026-03-17 19:47:01,004 | INFO | Monte Carlo: num_batches=2 batch_size=1
2026-03-17 19:47:01,005 | INFO | Fixed service enabled=True
2026-03-17 19:47:01,008 | INFO | Sweep point fs_in_target_db=-6.0 -> snr_db=0.000, P_tot=79.433 W, noise=3.795e-15 W, I_max=9.487e-14 W
2026-03-17 19:47:18,505 | INFO | Sweep point fs_in_target_db=-10.0 -> snr_db=0.000, P_tot=79.433 W, noise=3.795e-15 W, I_max=3.777e-14 W
2026-03-17 19:47:44,636 | INFO | Sweep point fs_in_target_db=-14.0 -> snr_db=0.000, P_tot=79.433 W, noise=3.795e-15 W, I_max=1.504e-14 W
2026-03-17 19:48:10,896 | INFO | Saved metrics to results/twc_rc_smoke_bundle/legacy_baseline/legacy_budget_dual_20260317_194700/metrics.csv
2026-03-17 19:48:11,110 | INFO | Saved plot to results/twc_rc_smoke_bundle/legacy_baseline/legacy_budget_dual_20260317_194700/figures/summary.png
2026-03-17 19:48:11,159 | INFO | Experiment directory: results/twc_rc_smoke_bundle/legacy_baseline/legacy_hard_null_20260317_194811
2026-03-17 19:48:11,160 | INFO | Selected derived parameters: {'bandwidth_sim_hz': 1440000.0, 'bandwidth_total_hz': 200040000.0, 'bs_power_budget_sim_watt': 0.5718021312729642, 'bs_total_tx_power_watt': 79.43284606933594, 'config_dir': '/home/rsadve1/FR3_DeepUnfolding/configs', 'config_path': '/home/rsadve1/FR3_DeepUnfolding/configs/twc_rc_smoke.yaml', 'fixed_service_enabled': True, 'fs_i_max_dbm': -104.22878745280337, 'fs_i_max_watt': 3.776772528074103e-14, 'fs_noise_dbm': -94.22878745280337, 'fs_noise_watt': 3.776772460311467e-13, 'num_bs': 9, 'num_cells': 3, 'num_re_sim': 12, 'num_ut': 18, 're_scaling': 138.91666666666666, 'tf_precision': 'single', 'u_per_bs': 2, 'ue_noise_re_dbm': -114.20818753952375, 'ue_noise_re_watt': 3.794728779522947e-15, 'warning_non_integer_re_scaling': True}
2026-03-17 19:48:11,186 | INFO | Sweep enabled=True variable=fs_in_target_db values=[-6.0, -10.0, -14.0]
2026-03-17 19:48:11,186 | INFO | Monte Carlo: num_batches=2 batch_size=1
2026-03-17 19:48:11,186 | INFO | Fixed service enabled=True
2026-03-17 19:48:11,189 | INFO | Sweep point fs_in_target_db=-6.0 -> snr_db=0.000, P_tot=79.433 W, noise=3.795e-15 W, I_max=9.487e-14 W
2026-03-17 19:48:12,365 | INFO | Sweep point fs_in_target_db=-10.0 -> snr_db=0.000, P_tot=79.433 W, noise=3.795e-15 W, I_max=3.777e-14 W
2026-03-17 19:48:13,432 | INFO | Sweep point fs_in_target_db=-14.0 -> snr_db=0.000, P_tot=79.433 W, noise=3.795e-15 W, I_max=1.504e-14 W
2026-03-17 19:48:14,495 | INFO | Saved metrics to results/twc_rc_smoke_bundle/legacy_baseline/legacy_hard_null_20260317_194811/metrics.csv
2026-03-17 19:48:14,653 | INFO | Saved plot to results/twc_rc_smoke_bundle/legacy_baseline/legacy_hard_null_20260317_194811/figures/summary.png
2026-03-17 19:48:14,700 | INFO | Experiment directory: results/twc_rc_smoke_bundle/legacy_baseline/legacy_no_fs_20260317_194814
2026-03-17 19:48:14,701 | INFO | Selected derived parameters: {'bandwidth_sim_hz': 1440000.0, 'bandwidth_total_hz': 200040000.0, 'bs_power_budget_sim_watt': 0.5718021312729642, 'bs_total_tx_power_watt': 79.43284606933594, 'config_dir': '/home/rsadve1/FR3_DeepUnfolding/configs', 'config_path': '/home/rsadve1/FR3_DeepUnfolding/configs/twc_rc_smoke.yaml', 'fixed_service_enabled': True, 'fs_i_max_dbm': -104.22878745280337, 'fs_i_max_watt': 3.776772528074103e-14, 'fs_noise_dbm': -94.22878745280337, 'fs_noise_watt': 3.776772460311467e-13, 'num_bs': 9, 'num_cells': 3, 'num_re_sim': 12, 'num_ut': 18, 're_scaling': 138.91666666666666, 'tf_precision': 'single', 'u_per_bs': 2, 'ue_noise_re_dbm': -114.20818753952375, 'ue_noise_re_watt': 3.794728779522947e-15, 'warning_non_integer_re_scaling': True}
2026-03-17 19:48:14,714 | INFO | Sweep enabled=True variable=fs_in_target_db values=[-6.0, -10.0, -14.0]
2026-03-17 19:48:14,714 | INFO | Monte Carlo: num_batches=2 batch_size=1
2026-03-17 19:48:14,714 | INFO | Fixed service enabled=True
2026-03-17 19:48:14,717 | INFO | Sweep point fs_in_target_db=-6.0 -> snr_db=0.000, P_tot=79.433 W, noise=3.795e-15 W, I_max=9.487e-14 W
2026-03-17 19:48:15,803 | INFO | Sweep point fs_in_target_db=-10.0 -> snr_db=0.000, P_tot=79.433 W, noise=3.795e-15 W, I_max=3.777e-14 W
2026-03-17 19:48:16,797 | INFO | Sweep point fs_in_target_db=-14.0 -> snr_db=0.000, P_tot=79.433 W, noise=3.795e-15 W, I_max=1.504e-14 W
2026-03-17 19:48:17,787 | INFO | Saved metrics to results/twc_rc_smoke_bundle/legacy_baseline/legacy_no_fs_20260317_194814/metrics.csv
2026-03-17 19:48:17,952 | INFO | Saved plot to results/twc_rc_smoke_bundle/legacy_baseline/legacy_no_fs_20260317_194814/figures/summary.png
