2026-03-18 16:10:55,374 | INFO | Experiment directory: results/twc_bcx_a_full_bundle/legacy_baseline/legacy_budget_dual_20260318_161055
2026-03-18 16:10:55,386 | INFO | Selected derived parameters: {'bandwidth_sim_hz': 2880000.0, 'bandwidth_total_hz': 200040000.0, 'bs_power_budget_sim_watt': 1.1436042625459284, 'bs_total_tx_power_watt': 79.43284606933594, 'config_dir': '/home/rsadve1/FR3_DeepUnfolding/configs', 'config_path': '/home/rsadve1/FR3_DeepUnfolding/configs/twc_bcx_a_full.yaml', 'fixed_service_enabled': True, 'fs_i_max_dbm': -104.22878745280337, 'fs_i_max_watt': 3.776772528074103e-14, 'fs_noise_dbm': -94.22878745280337, 'fs_noise_watt': 3.776772460311467e-13, 'num_bs': 21, 'num_cells': 7, 'num_re_sim': 24, 'num_ut': 42, 're_scaling': 69.45833333333333, 'tf_precision': 'single', 'u_per_bs': 2, 'ue_noise_re_dbm': -114.20818753952375, 'ue_noise_re_watt': 3.794728779522947e-15, 'warning_non_integer_re_scaling': True}
2026-03-18 16:10:55,414 | INFO | Sweep enabled=True variable=fs_in_target_db values=[-6.0, -10.0, -14.0]
2026-03-18 16:10:55,414 | INFO | Monte Carlo: num_batches=4 batch_size=2
2026-03-18 16:10:55,414 | INFO | Fixed service enabled=True
2026-03-18 16:10:55,418 | INFO | Sweep point fs_in_target_db=-6.0 -> snr_db=0.000, P_tot=79.433 W, noise=3.795e-15 W, I_max=9.487e-14 W
2026-03-18 16:11:51,512 | INFO | Sweep point fs_in_target_db=-10.0 -> snr_db=0.000, P_tot=79.433 W, noise=3.795e-15 W, I_max=3.777e-14 W
2026-03-18 16:12:43,465 | INFO | Sweep point fs_in_target_db=-14.0 -> snr_db=0.000, P_tot=79.433 W, noise=3.795e-15 W, I_max=1.504e-14 W
2026-03-18 16:13:35,364 | INFO | Saved metrics to results/twc_bcx_a_full_bundle/legacy_baseline/legacy_budget_dual_20260318_161055/metrics.csv
2026-03-18 16:13:35,567 | INFO | Saved plot to results/twc_bcx_a_full_bundle/legacy_baseline/legacy_budget_dual_20260318_161055/figures/summary.png
2026-03-18 16:13:35,618 | INFO | Experiment directory: results/twc_bcx_a_full_bundle/legacy_baseline/legacy_hard_null_20260318_161335
2026-03-18 16:13:35,618 | INFO | Selected derived parameters: {'bandwidth_sim_hz': 2880000.0, 'bandwidth_total_hz': 200040000.0, 'bs_power_budget_sim_watt': 1.1436042625459284, 'bs_total_tx_power_watt': 79.43284606933594, 'config_dir': '/home/rsadve1/FR3_DeepUnfolding/configs', 'config_path': '/home/rsadve1/FR3_DeepUnfolding/configs/twc_bcx_a_full.yaml', 'fixed_service_enabled': True, 'fs_i_max_dbm': -104.22878745280337, 'fs_i_max_watt': 3.776772528074103e-14, 'fs_noise_dbm': -94.22878745280337, 'fs_noise_watt': 3.776772460311467e-13, 'num_bs': 21, 'num_cells': 7, 'num_re_sim': 24, 'num_ut': 42, 're_scaling': 69.45833333333333, 'tf_precision': 'single', 'u_per_bs': 2, 'ue_noise_re_dbm': -114.20818753952375, 'ue_noise_re_watt': 3.794728779522947e-15, 'warning_non_integer_re_scaling': True}
2026-03-18 16:13:35,631 | INFO | Sweep enabled=True variable=fs_in_target_db values=[-6.0, -10.0, -14.0]
2026-03-18 16:13:35,631 | INFO | Monte Carlo: num_batches=4 batch_size=2
2026-03-18 16:13:35,632 | INFO | Fixed service enabled=True
2026-03-18 16:13:35,634 | INFO | Sweep point fs_in_target_db=-6.0 -> snr_db=0.000, P_tot=79.433 W, noise=3.795e-15 W, I_max=9.487e-14 W
2026-03-18 16:13:37,911 | INFO | Sweep point fs_in_target_db=-10.0 -> snr_db=0.000, P_tot=79.433 W, noise=3.795e-15 W, I_max=3.777e-14 W
2026-03-18 16:13:40,087 | INFO | Sweep point fs_in_target_db=-14.0 -> snr_db=0.000, P_tot=79.433 W, noise=3.795e-15 W, I_max=1.504e-14 W
2026-03-18 16:13:42,258 | INFO | Saved metrics to results/twc_bcx_a_full_bundle/legacy_baseline/legacy_hard_null_20260318_161335/metrics.csv
2026-03-18 16:13:42,405 | INFO | Saved plot to results/twc_bcx_a_full_bundle/legacy_baseline/legacy_hard_null_20260318_161335/figures/summary.png
2026-03-18 16:13:42,452 | INFO | Experiment directory: results/twc_bcx_a_full_bundle/legacy_baseline/legacy_no_fs_20260318_161342
2026-03-18 16:13:42,452 | INFO | Selected derived parameters: {'bandwidth_sim_hz': 2880000.0, 'bandwidth_total_hz': 200040000.0, 'bs_power_budget_sim_watt': 1.1436042625459284, 'bs_total_tx_power_watt': 79.43284606933594, 'config_dir': '/home/rsadve1/FR3_DeepUnfolding/configs', 'config_path': '/home/rsadve1/FR3_DeepUnfolding/configs/twc_bcx_a_full.yaml', 'fixed_service_enabled': True, 'fs_i_max_dbm': -104.22878745280337, 'fs_i_max_watt': 3.776772528074103e-14, 'fs_noise_dbm': -94.22878745280337, 'fs_noise_watt': 3.776772460311467e-13, 'num_bs': 21, 'num_cells': 7, 'num_re_sim': 24, 'num_ut': 42, 're_scaling': 69.45833333333333, 'tf_precision': 'single', 'u_per_bs': 2, 'ue_noise_re_dbm': -114.20818753952375, 'ue_noise_re_watt': 3.794728779522947e-15, 'warning_non_integer_re_scaling': True}
2026-03-18 16:13:42,466 | INFO | Sweep enabled=True variable=fs_in_target_db values=[-6.0, -10.0, -14.0]
2026-03-18 16:13:42,466 | INFO | Monte Carlo: num_batches=4 batch_size=2
2026-03-18 16:13:42,466 | INFO | Fixed service enabled=True
2026-03-18 16:13:42,469 | INFO | Sweep point fs_in_target_db=-6.0 -> snr_db=0.000, P_tot=79.433 W, noise=3.795e-15 W, I_max=9.487e-14 W
2026-03-18 16:13:44,515 | INFO | Sweep point fs_in_target_db=-10.0 -> snr_db=0.000, P_tot=79.433 W, noise=3.795e-15 W, I_max=3.777e-14 W
2026-03-18 16:13:46,470 | INFO | Sweep point fs_in_target_db=-14.0 -> snr_db=0.000, P_tot=79.433 W, noise=3.795e-15 W, I_max=1.504e-14 W
2026-03-18 16:13:48,427 | INFO | Saved metrics to results/twc_bcx_a_full_bundle/legacy_baseline/legacy_no_fs_20260318_161342/metrics.csv
2026-03-18 16:13:48,575 | INFO | Saved plot to results/twc_bcx_a_full_bundle/legacy_baseline/legacy_no_fs_20260318_161342/figures/summary.png
