2026-03-19 00:09:15,850 | INFO | Experiment directory: results/twc_bcz_f10_smoke_bundle/legacy_baseline/legacy_budget_dual_20260319_000915
2026-03-19 00:09:15,858 | INFO | Selected derived parameters: {'bandwidth_sim_hz': 1440000.0, 'bandwidth_total_hz': 200040000.0, 'bs_power_budget_sim_watt': 0.5718021312729642, 'bs_total_tx_power_watt': 79.43284606933594, 'config_dir': '/home/rsadve1/FR3_DeepUnfolding/configs', 'config_path': '/home/rsadve1/FR3_DeepUnfolding/configs/__resolved_override_twc_bcz_f10_smoke_bundle.yaml', 'fixed_service_enabled': True, 'fs_i_max_dbm': -104.22878745280337, 'fs_i_max_watt': 3.776772528074103e-14, 'fs_noise_dbm': -94.22878745280337, 'fs_noise_watt': 3.776772460311467e-13, 'num_bs': 9, 'num_cells': 3, 'num_re_sim': 12, 'num_ut': 18, 're_scaling': 138.91666666666666, 'tf_precision': 'single', 'u_per_bs': 2, 'ue_noise_re_dbm': -114.20818753952375, 'ue_noise_re_watt': 3.794728779522947e-15, 'warning_non_integer_re_scaling': True}
2026-03-19 00:09:15,871 | INFO | Sweep enabled=True variable=fs_in_target_db values=[-6.0, -10.0, -14.0]
2026-03-19 00:09:15,871 | INFO | Monte Carlo: num_batches=2 batch_size=1
2026-03-19 00:09:15,871 | INFO | Fixed service enabled=True
2026-03-19 00:09:15,875 | INFO | Sweep point fs_in_target_db=-6.0 -> snr_db=0.000, P_tot=79.433 W, noise=3.795e-15 W, I_max=9.487e-14 W
2026-03-19 00:09:33,548 | INFO | Sweep point fs_in_target_db=-10.0 -> snr_db=0.000, P_tot=79.433 W, noise=3.795e-15 W, I_max=3.777e-14 W
2026-03-19 00:10:00,073 | INFO | Sweep point fs_in_target_db=-14.0 -> snr_db=0.000, P_tot=79.433 W, noise=3.795e-15 W, I_max=1.504e-14 W
2026-03-19 00:10:26,597 | INFO | Saved metrics to results/twc_bcz_f10_smoke_bundle/legacy_baseline/legacy_budget_dual_20260319_000915/metrics.csv
2026-03-19 00:10:26,791 | INFO | Saved plot to results/twc_bcz_f10_smoke_bundle/legacy_baseline/legacy_budget_dual_20260319_000915/figures/summary.png
2026-03-19 00:10:26,836 | INFO | Experiment directory: results/twc_bcz_f10_smoke_bundle/legacy_baseline/legacy_hard_null_20260319_001026
2026-03-19 00:10:26,836 | INFO | Selected derived parameters: {'bandwidth_sim_hz': 1440000.0, 'bandwidth_total_hz': 200040000.0, 'bs_power_budget_sim_watt': 0.5718021312729642, 'bs_total_tx_power_watt': 79.43284606933594, 'config_dir': '/home/rsadve1/FR3_DeepUnfolding/configs', 'config_path': '/home/rsadve1/FR3_DeepUnfolding/configs/__resolved_override_twc_bcz_f10_smoke_bundle.yaml', 'fixed_service_enabled': True, 'fs_i_max_dbm': -104.22878745280337, 'fs_i_max_watt': 3.776772528074103e-14, 'fs_noise_dbm': -94.22878745280337, 'fs_noise_watt': 3.776772460311467e-13, 'num_bs': 9, 'num_cells': 3, 'num_re_sim': 12, 'num_ut': 18, 're_scaling': 138.91666666666666, 'tf_precision': 'single', 'u_per_bs': 2, 'ue_noise_re_dbm': -114.20818753952375, 'ue_noise_re_watt': 3.794728779522947e-15, 'warning_non_integer_re_scaling': True}
2026-03-19 00:10:26,849 | INFO | Sweep enabled=True variable=fs_in_target_db values=[-6.0, -10.0, -14.0]
2026-03-19 00:10:26,849 | INFO | Monte Carlo: num_batches=2 batch_size=1
2026-03-19 00:10:26,849 | INFO | Fixed service enabled=True
2026-03-19 00:10:26,852 | INFO | Sweep point fs_in_target_db=-6.0 -> snr_db=0.000, P_tot=79.433 W, noise=3.795e-15 W, I_max=9.487e-14 W
2026-03-19 00:10:28,027 | INFO | Sweep point fs_in_target_db=-10.0 -> snr_db=0.000, P_tot=79.433 W, noise=3.795e-15 W, I_max=3.777e-14 W
2026-03-19 00:10:29,095 | INFO | Sweep point fs_in_target_db=-14.0 -> snr_db=0.000, P_tot=79.433 W, noise=3.795e-15 W, I_max=1.504e-14 W
2026-03-19 00:10:30,173 | INFO | Saved metrics to results/twc_bcz_f10_smoke_bundle/legacy_baseline/legacy_hard_null_20260319_001026/metrics.csv
2026-03-19 00:10:30,327 | INFO | Saved plot to results/twc_bcz_f10_smoke_bundle/legacy_baseline/legacy_hard_null_20260319_001026/figures/summary.png
2026-03-19 00:10:30,371 | INFO | Experiment directory: results/twc_bcz_f10_smoke_bundle/legacy_baseline/legacy_no_fs_20260319_001030
2026-03-19 00:10:30,371 | INFO | Selected derived parameters: {'bandwidth_sim_hz': 1440000.0, 'bandwidth_total_hz': 200040000.0, 'bs_power_budget_sim_watt': 0.5718021312729642, 'bs_total_tx_power_watt': 79.43284606933594, 'config_dir': '/home/rsadve1/FR3_DeepUnfolding/configs', 'config_path': '/home/rsadve1/FR3_DeepUnfolding/configs/__resolved_override_twc_bcz_f10_smoke_bundle.yaml', 'fixed_service_enabled': True, 'fs_i_max_dbm': -104.22878745280337, 'fs_i_max_watt': 3.776772528074103e-14, 'fs_noise_dbm': -94.22878745280337, 'fs_noise_watt': 3.776772460311467e-13, 'num_bs': 9, 'num_cells': 3, 'num_re_sim': 12, 'num_ut': 18, 're_scaling': 138.91666666666666, 'tf_precision': 'single', 'u_per_bs': 2, 'ue_noise_re_dbm': -114.20818753952375, 'ue_noise_re_watt': 3.794728779522947e-15, 'warning_non_integer_re_scaling': True}
2026-03-19 00:10:30,397 | INFO | Sweep enabled=True variable=fs_in_target_db values=[-6.0, -10.0, -14.0]
2026-03-19 00:10:30,397 | INFO | Monte Carlo: num_batches=2 batch_size=1
2026-03-19 00:10:30,397 | INFO | Fixed service enabled=True
2026-03-19 00:10:30,400 | INFO | Sweep point fs_in_target_db=-6.0 -> snr_db=0.000, P_tot=79.433 W, noise=3.795e-15 W, I_max=9.487e-14 W
2026-03-19 00:10:31,484 | INFO | Sweep point fs_in_target_db=-10.0 -> snr_db=0.000, P_tot=79.433 W, noise=3.795e-15 W, I_max=3.777e-14 W
2026-03-19 00:10:32,475 | INFO | Sweep point fs_in_target_db=-14.0 -> snr_db=0.000, P_tot=79.433 W, noise=3.795e-15 W, I_max=1.504e-14 W
2026-03-19 00:10:33,495 | INFO | Saved metrics to results/twc_bcz_f10_smoke_bundle/legacy_baseline/legacy_no_fs_20260319_001030/metrics.csv
2026-03-19 00:10:33,691 | INFO | Saved plot to results/twc_bcz_f10_smoke_bundle/legacy_baseline/legacy_no_fs_20260319_001030/figures/summary.png
