2026-03-17 19:47:00,981 | INFO | Experiment directory: results/twc_rc_full_bundle/legacy_baseline/legacy_budget_dual_20260317_194700
2026-03-17 19:47:00,982 | INFO | Selected derived parameters: {'bandwidth_sim_hz': 2880000.0, 'bandwidth_total_hz': 200040000.0, 'bs_power_budget_sim_watt': 1.1436042625459284, 'bs_total_tx_power_watt': 79.43284606933594, 'config_dir': '/home/rsadve1/FR3_DeepUnfolding/configs', 'config_path': '/home/rsadve1/FR3_DeepUnfolding/configs/twc_rc_full.yaml', 'fixed_service_enabled': True, 'fs_i_max_dbm': -104.22878745280337, 'fs_i_max_watt': 3.776772528074103e-14, 'fs_noise_dbm': -94.22878745280337, 'fs_noise_watt': 3.776772460311467e-13, 'num_bs': 21, 'num_cells': 7, 'num_re_sim': 24, 'num_ut': 42, 're_scaling': 69.45833333333333, 'tf_precision': 'single', 'u_per_bs': 2, 'ue_noise_re_dbm': -114.20818753952375, 'ue_noise_re_watt': 3.794728779522947e-15, 'warning_non_integer_re_scaling': True}
2026-03-17 19:47:00,995 | INFO | Sweep enabled=True variable=fs_in_target_db values=[-6.0, -10.0, -14.0]
2026-03-17 19:47:00,995 | INFO | Monte Carlo: num_batches=4 batch_size=2
2026-03-17 19:47:00,995 | INFO | Fixed service enabled=True
2026-03-17 19:47:00,998 | INFO | Sweep point fs_in_target_db=-6.0 -> snr_db=0.000, P_tot=79.433 W, noise=3.795e-15 W, I_max=9.487e-14 W
2026-03-17 19:47:58,010 | INFO | Sweep point fs_in_target_db=-10.0 -> snr_db=0.000, P_tot=79.433 W, noise=3.795e-15 W, I_max=3.777e-14 W
2026-03-17 19:48:51,047 | INFO | Sweep point fs_in_target_db=-14.0 -> snr_db=0.000, P_tot=79.433 W, noise=3.795e-15 W, I_max=1.504e-14 W
2026-03-17 19:49:43,946 | INFO | Saved metrics to results/twc_rc_full_bundle/legacy_baseline/legacy_budget_dual_20260317_194700/metrics.csv
2026-03-17 19:49:44,161 | INFO | Saved plot to results/twc_rc_full_bundle/legacy_baseline/legacy_budget_dual_20260317_194700/figures/summary.png
2026-03-17 19:49:44,214 | INFO | Experiment directory: results/twc_rc_full_bundle/legacy_baseline/legacy_hard_null_20260317_194944
2026-03-17 19:49:44,214 | INFO | Selected derived parameters: {'bandwidth_sim_hz': 2880000.0, 'bandwidth_total_hz': 200040000.0, 'bs_power_budget_sim_watt': 1.1436042625459284, 'bs_total_tx_power_watt': 79.43284606933594, 'config_dir': '/home/rsadve1/FR3_DeepUnfolding/configs', 'config_path': '/home/rsadve1/FR3_DeepUnfolding/configs/twc_rc_full.yaml', 'fixed_service_enabled': True, 'fs_i_max_dbm': -104.22878745280337, 'fs_i_max_watt': 3.776772528074103e-14, 'fs_noise_dbm': -94.22878745280337, 'fs_noise_watt': 3.776772460311467e-13, 'num_bs': 21, 'num_cells': 7, 'num_re_sim': 24, 'num_ut': 42, 're_scaling': 69.45833333333333, 'tf_precision': 'single', 'u_per_bs': 2, 'ue_noise_re_dbm': -114.20818753952375, 'ue_noise_re_watt': 3.794728779522947e-15, 'warning_non_integer_re_scaling': True}
2026-03-17 19:49:44,236 | INFO | Sweep enabled=True variable=fs_in_target_db values=[-6.0, -10.0, -14.0]
2026-03-17 19:49:44,236 | INFO | Monte Carlo: num_batches=4 batch_size=2
2026-03-17 19:49:44,237 | INFO | Fixed service enabled=True
2026-03-17 19:49:44,240 | INFO | Sweep point fs_in_target_db=-6.0 -> snr_db=0.000, P_tot=79.433 W, noise=3.795e-15 W, I_max=9.487e-14 W
2026-03-17 19:49:46,546 | INFO | Sweep point fs_in_target_db=-10.0 -> snr_db=0.000, P_tot=79.433 W, noise=3.795e-15 W, I_max=3.777e-14 W
2026-03-17 19:49:48,760 | INFO | Sweep point fs_in_target_db=-14.0 -> snr_db=0.000, P_tot=79.433 W, noise=3.795e-15 W, I_max=1.504e-14 W
2026-03-17 19:49:50,996 | INFO | Saved metrics to results/twc_rc_full_bundle/legacy_baseline/legacy_hard_null_20260317_194944/metrics.csv
2026-03-17 19:49:51,149 | INFO | Saved plot to results/twc_rc_full_bundle/legacy_baseline/legacy_hard_null_20260317_194944/figures/summary.png
2026-03-17 19:49:51,199 | INFO | Experiment directory: results/twc_rc_full_bundle/legacy_baseline/legacy_no_fs_20260317_194951
2026-03-17 19:49:51,199 | INFO | Selected derived parameters: {'bandwidth_sim_hz': 2880000.0, 'bandwidth_total_hz': 200040000.0, 'bs_power_budget_sim_watt': 1.1436042625459284, 'bs_total_tx_power_watt': 79.43284606933594, 'config_dir': '/home/rsadve1/FR3_DeepUnfolding/configs', 'config_path': '/home/rsadve1/FR3_DeepUnfolding/configs/twc_rc_full.yaml', 'fixed_service_enabled': True, 'fs_i_max_dbm': -104.22878745280337, 'fs_i_max_watt': 3.776772528074103e-14, 'fs_noise_dbm': -94.22878745280337, 'fs_noise_watt': 3.776772460311467e-13, 'num_bs': 21, 'num_cells': 7, 'num_re_sim': 24, 'num_ut': 42, 're_scaling': 69.45833333333333, 'tf_precision': 'single', 'u_per_bs': 2, 'ue_noise_re_dbm': -114.20818753952375, 'ue_noise_re_watt': 3.794728779522947e-15, 'warning_non_integer_re_scaling': True}
2026-03-17 19:49:51,212 | INFO | Sweep enabled=True variable=fs_in_target_db values=[-6.0, -10.0, -14.0]
2026-03-17 19:49:51,212 | INFO | Monte Carlo: num_batches=4 batch_size=2
2026-03-17 19:49:51,212 | INFO | Fixed service enabled=True
2026-03-17 19:49:51,215 | INFO | Sweep point fs_in_target_db=-6.0 -> snr_db=0.000, P_tot=79.433 W, noise=3.795e-15 W, I_max=9.487e-14 W
2026-03-17 19:49:53,304 | INFO | Sweep point fs_in_target_db=-10.0 -> snr_db=0.000, P_tot=79.433 W, noise=3.795e-15 W, I_max=3.777e-14 W
2026-03-17 19:49:55,280 | INFO | Sweep point fs_in_target_db=-14.0 -> snr_db=0.000, P_tot=79.433 W, noise=3.795e-15 W, I_max=1.504e-14 W
2026-03-17 19:49:57,259 | INFO | Saved metrics to results/twc_rc_full_bundle/legacy_baseline/legacy_no_fs_20260317_194951/metrics.csv
2026-03-17 19:49:57,424 | INFO | Saved plot to results/twc_rc_full_bundle/legacy_baseline/legacy_no_fs_20260317_194951/figures/summary.png
