2026-03-15 00:10:00,420 | INFO | Experiment directory: results/twc_full_bundle/legacy_baseline/legacy_budget_dual_20260315_001000
2026-03-15 00:10:00,428 | INFO | Selected derived parameters: {'bandwidth_sim_hz': 2880000.0, 'bandwidth_total_hz': 200040000.0, 'bs_power_budget_sim_watt': 1.1436042625459284, 'bs_total_tx_power_watt': 79.43284606933594, 'config_dir': '/home/rsadve1/FR3_DeepUnfolding/configs', 'config_path': '/home/rsadve1/FR3_DeepUnfolding/configs/twc_legacy_baseline.yaml', 'fixed_service_enabled': True, 'fs_i_max_dbm': -104.22878745280337, 'fs_i_max_watt': 3.776772528074103e-14, 'fs_noise_dbm': -94.22878745280337, 'fs_noise_watt': 3.776772460311467e-13, 'num_bs': 21, 'num_cells': 7, 'num_re_sim': 24, 'num_ut': 42, 're_scaling': 69.45833333333333, 'tf_precision': 'single', 'u_per_bs': 2, 'ue_noise_re_dbm': -114.20818753952375, 'ue_noise_re_watt': 3.794728779522947e-15, 'warning_non_integer_re_scaling': True}
2026-03-15 00:10:00,439 | INFO | freeze_topology=True -> using a single fixed BS/UE geometry for all batches and sweep points.
2026-03-15 00:10:03,826 | INFO | Sweep enabled=True variable=fs_in_target_db values=[-6.0, -10.0, -14.0]
2026-03-15 00:10:03,826 | INFO | Monte Carlo: num_batches=4 batch_size=2
2026-03-15 00:10:03,826 | INFO | Fixed service enabled=True
2026-03-15 00:10:03,827 | INFO | Sweep point fs_in_target_db=-6.0 -> snr_db=0.000, P_tot=79.433 W, noise=3.795e-15 W, I_max=9.487e-14 W
2026-03-15 00:10:56,912 | INFO | Sweep point fs_in_target_db=-10.0 -> snr_db=0.000, P_tot=79.433 W, noise=3.795e-15 W, I_max=3.777e-14 W
2026-03-15 00:11:49,570 | INFO | Sweep point fs_in_target_db=-14.0 -> snr_db=0.000, P_tot=79.433 W, noise=3.795e-15 W, I_max=1.504e-14 W
2026-03-15 00:12:41,851 | INFO | Saved metrics to results/twc_full_bundle/legacy_baseline/legacy_budget_dual_20260315_001000/metrics.csv
2026-03-15 00:12:42,078 | INFO | Saved plot to results/twc_full_bundle/legacy_baseline/legacy_budget_dual_20260315_001000/figures/summary.png
2026-03-15 00:12:42,123 | INFO | Experiment directory: results/twc_full_bundle/legacy_baseline/legacy_hard_null_20260315_001242
2026-03-15 00:12:42,123 | INFO | Selected derived parameters: {'bandwidth_sim_hz': 2880000.0, 'bandwidth_total_hz': 200040000.0, 'bs_power_budget_sim_watt': 1.1436042625459284, 'bs_total_tx_power_watt': 79.43284606933594, 'config_dir': '/home/rsadve1/FR3_DeepUnfolding/configs', 'config_path': '/home/rsadve1/FR3_DeepUnfolding/configs/twc_legacy_baseline.yaml', 'fixed_service_enabled': True, 'fs_i_max_dbm': -104.22878745280337, 'fs_i_max_watt': 3.776772528074103e-14, 'fs_noise_dbm': -94.22878745280337, 'fs_noise_watt': 3.776772460311467e-13, 'num_bs': 21, 'num_cells': 7, 'num_re_sim': 24, 'num_ut': 42, 're_scaling': 69.45833333333333, 'tf_precision': 'single', 'u_per_bs': 2, 'ue_noise_re_dbm': -114.20818753952375, 'ue_noise_re_watt': 3.794728779522947e-15, 'warning_non_integer_re_scaling': True}
2026-03-15 00:12:42,142 | INFO | freeze_topology=True -> using a single fixed BS/UE geometry for all batches and sweep points.
2026-03-15 00:12:42,281 | INFO | Sweep enabled=True variable=fs_in_target_db values=[-6.0, -10.0, -14.0]
2026-03-15 00:12:42,281 | INFO | Monte Carlo: num_batches=4 batch_size=2
2026-03-15 00:12:42,281 | INFO | Fixed service enabled=True
2026-03-15 00:12:42,282 | INFO | Sweep point fs_in_target_db=-6.0 -> snr_db=0.000, P_tot=79.433 W, noise=3.795e-15 W, I_max=9.487e-14 W
2026-03-15 00:12:44,215 | INFO | Sweep point fs_in_target_db=-10.0 -> snr_db=0.000, P_tot=79.433 W, noise=3.795e-15 W, I_max=3.777e-14 W
2026-03-15 00:12:46,091 | INFO | Sweep point fs_in_target_db=-14.0 -> snr_db=0.000, P_tot=79.433 W, noise=3.795e-15 W, I_max=1.504e-14 W
2026-03-15 00:12:47,969 | INFO | Saved metrics to results/twc_full_bundle/legacy_baseline/legacy_hard_null_20260315_001242/metrics.csv
2026-03-15 00:12:48,131 | INFO | Saved plot to results/twc_full_bundle/legacy_baseline/legacy_hard_null_20260315_001242/figures/summary.png
2026-03-15 00:12:48,172 | INFO | Experiment directory: results/twc_full_bundle/legacy_baseline/legacy_no_fs_20260315_001248
2026-03-15 00:12:48,172 | INFO | Selected derived parameters: {'bandwidth_sim_hz': 2880000.0, 'bandwidth_total_hz': 200040000.0, 'bs_power_budget_sim_watt': 1.1436042625459284, 'bs_total_tx_power_watt': 79.43284606933594, 'config_dir': '/home/rsadve1/FR3_DeepUnfolding/configs', 'config_path': '/home/rsadve1/FR3_DeepUnfolding/configs/twc_legacy_baseline.yaml', 'fixed_service_enabled': True, 'fs_i_max_dbm': -104.22878745280337, 'fs_i_max_watt': 3.776772528074103e-14, 'fs_noise_dbm': -94.22878745280337, 'fs_noise_watt': 3.776772460311467e-13, 'num_bs': 21, 'num_cells': 7, 'num_re_sim': 24, 'num_ut': 42, 're_scaling': 69.45833333333333, 'tf_precision': 'single', 'u_per_bs': 2, 'ue_noise_re_dbm': -114.20818753952375, 'ue_noise_re_watt': 3.794728779522947e-15, 'warning_non_integer_re_scaling': True}
2026-03-15 00:12:48,183 | INFO | freeze_topology=True -> using a single fixed BS/UE geometry for all batches and sweep points.
2026-03-15 00:12:48,320 | INFO | Sweep enabled=True variable=fs_in_target_db values=[-6.0, -10.0, -14.0]
2026-03-15 00:12:48,320 | INFO | Monte Carlo: num_batches=4 batch_size=2
2026-03-15 00:12:48,320 | INFO | Fixed service enabled=True
2026-03-15 00:12:48,321 | INFO | Sweep point fs_in_target_db=-6.0 -> snr_db=0.000, P_tot=79.433 W, noise=3.795e-15 W, I_max=9.487e-14 W
2026-03-15 00:12:50,026 | INFO | Sweep point fs_in_target_db=-10.0 -> snr_db=0.000, P_tot=79.433 W, noise=3.795e-15 W, I_max=3.777e-14 W
2026-03-15 00:12:51,686 | INFO | Sweep point fs_in_target_db=-14.0 -> snr_db=0.000, P_tot=79.433 W, noise=3.795e-15 W, I_max=1.504e-14 W
2026-03-15 00:12:53,349 | INFO | Saved metrics to results/twc_full_bundle/legacy_baseline/legacy_no_fs_20260315_001248/metrics.csv
2026-03-15 00:12:53,503 | INFO | Saved plot to results/twc_full_bundle/legacy_baseline/legacy_no_fs_20260315_001248/figures/summary.png
