2026-03-19 00:35:40,757 | INFO | Experiment directory: results/twc_bcz_f10_full_bundle/legacy_baseline/legacy_budget_dual_20260319_003540
2026-03-19 00:35:40,757 | INFO | Selected derived parameters: {'bandwidth_sim_hz': 2880000.0, 'bandwidth_total_hz': 200040000.0, 'bs_power_budget_sim_watt': 1.1436042625459284, 'bs_total_tx_power_watt': 79.43284606933594, 'config_dir': '/home/rsadve1/FR3_DeepUnfolding/configs', 'config_path': '/home/rsadve1/FR3_DeepUnfolding/configs/__resolved_override_twc_bcz_f10_full_bundle.yaml', 'fixed_service_enabled': True, 'fs_i_max_dbm': -104.22878745280337, 'fs_i_max_watt': 3.776772528074103e-14, 'fs_noise_dbm': -94.22878745280337, 'fs_noise_watt': 3.776772460311467e-13, 'num_bs': 21, 'num_cells': 7, 'num_re_sim': 24, 'num_ut': 42, 're_scaling': 69.45833333333333, 'tf_precision': 'single', 'u_per_bs': 2, 'ue_noise_re_dbm': -114.20818753952375, 'ue_noise_re_watt': 3.794728779522947e-15, 'warning_non_integer_re_scaling': True}
2026-03-19 00:35:40,770 | INFO | Sweep enabled=True variable=fs_in_target_db values=[-6.0, -10.0, -14.0]
2026-03-19 00:35:40,770 | INFO | Monte Carlo: num_batches=4 batch_size=2
2026-03-19 00:35:40,771 | INFO | Fixed service enabled=True
2026-03-19 00:35:40,774 | INFO | Sweep point fs_in_target_db=-6.0 -> snr_db=0.000, P_tot=79.433 W, noise=3.795e-15 W, I_max=9.487e-14 W
2026-03-19 00:36:37,172 | INFO | Sweep point fs_in_target_db=-10.0 -> snr_db=0.000, P_tot=79.433 W, noise=3.795e-15 W, I_max=3.777e-14 W
2026-03-19 00:37:29,762 | INFO | Sweep point fs_in_target_db=-14.0 -> snr_db=0.000, P_tot=79.433 W, noise=3.795e-15 W, I_max=1.504e-14 W
2026-03-19 00:38:22,124 | INFO | Saved metrics to results/twc_bcz_f10_full_bundle/legacy_baseline/legacy_budget_dual_20260319_003540/metrics.csv
2026-03-19 00:38:22,332 | INFO | Saved plot to results/twc_bcz_f10_full_bundle/legacy_baseline/legacy_budget_dual_20260319_003540/figures/summary.png
2026-03-19 00:38:22,383 | INFO | Experiment directory: results/twc_bcz_f10_full_bundle/legacy_baseline/legacy_hard_null_20260319_003822
2026-03-19 00:38:22,383 | INFO | Selected derived parameters: {'bandwidth_sim_hz': 2880000.0, 'bandwidth_total_hz': 200040000.0, 'bs_power_budget_sim_watt': 1.1436042625459284, 'bs_total_tx_power_watt': 79.43284606933594, 'config_dir': '/home/rsadve1/FR3_DeepUnfolding/configs', 'config_path': '/home/rsadve1/FR3_DeepUnfolding/configs/__resolved_override_twc_bcz_f10_full_bundle.yaml', 'fixed_service_enabled': True, 'fs_i_max_dbm': -104.22878745280337, 'fs_i_max_watt': 3.776772528074103e-14, 'fs_noise_dbm': -94.22878745280337, 'fs_noise_watt': 3.776772460311467e-13, 'num_bs': 21, 'num_cells': 7, 'num_re_sim': 24, 'num_ut': 42, 're_scaling': 69.45833333333333, 'tf_precision': 'single', 'u_per_bs': 2, 'ue_noise_re_dbm': -114.20818753952375, 'ue_noise_re_watt': 3.794728779522947e-15, 'warning_non_integer_re_scaling': True}
2026-03-19 00:38:22,404 | INFO | Sweep enabled=True variable=fs_in_target_db values=[-6.0, -10.0, -14.0]
2026-03-19 00:38:22,404 | INFO | Monte Carlo: num_batches=4 batch_size=2
2026-03-19 00:38:22,405 | INFO | Fixed service enabled=True
2026-03-19 00:38:22,407 | INFO | Sweep point fs_in_target_db=-6.0 -> snr_db=0.000, P_tot=79.433 W, noise=3.795e-15 W, I_max=9.487e-14 W
2026-03-19 00:38:24,707 | INFO | Sweep point fs_in_target_db=-10.0 -> snr_db=0.000, P_tot=79.433 W, noise=3.795e-15 W, I_max=3.777e-14 W
2026-03-19 00:38:26,899 | INFO | Sweep point fs_in_target_db=-14.0 -> snr_db=0.000, P_tot=79.433 W, noise=3.795e-15 W, I_max=1.504e-14 W
2026-03-19 00:38:29,089 | INFO | Saved metrics to results/twc_bcz_f10_full_bundle/legacy_baseline/legacy_hard_null_20260319_003822/metrics.csv
2026-03-19 00:38:29,240 | INFO | Saved plot to results/twc_bcz_f10_full_bundle/legacy_baseline/legacy_hard_null_20260319_003822/figures/summary.png
2026-03-19 00:38:29,284 | INFO | Experiment directory: results/twc_bcz_f10_full_bundle/legacy_baseline/legacy_no_fs_20260319_003829
2026-03-19 00:38:29,284 | INFO | Selected derived parameters: {'bandwidth_sim_hz': 2880000.0, 'bandwidth_total_hz': 200040000.0, 'bs_power_budget_sim_watt': 1.1436042625459284, 'bs_total_tx_power_watt': 79.43284606933594, 'config_dir': '/home/rsadve1/FR3_DeepUnfolding/configs', 'config_path': '/home/rsadve1/FR3_DeepUnfolding/configs/__resolved_override_twc_bcz_f10_full_bundle.yaml', 'fixed_service_enabled': True, 'fs_i_max_dbm': -104.22878745280337, 'fs_i_max_watt': 3.776772528074103e-14, 'fs_noise_dbm': -94.22878745280337, 'fs_noise_watt': 3.776772460311467e-13, 'num_bs': 21, 'num_cells': 7, 'num_re_sim': 24, 'num_ut': 42, 're_scaling': 69.45833333333333, 'tf_precision': 'single', 'u_per_bs': 2, 'ue_noise_re_dbm': -114.20818753952375, 'ue_noise_re_watt': 3.794728779522947e-15, 'warning_non_integer_re_scaling': True}
2026-03-19 00:38:29,297 | INFO | Sweep enabled=True variable=fs_in_target_db values=[-6.0, -10.0, -14.0]
2026-03-19 00:38:29,297 | INFO | Monte Carlo: num_batches=4 batch_size=2
2026-03-19 00:38:29,297 | INFO | Fixed service enabled=True
2026-03-19 00:38:29,299 | INFO | Sweep point fs_in_target_db=-6.0 -> snr_db=0.000, P_tot=79.433 W, noise=3.795e-15 W, I_max=9.487e-14 W
2026-03-19 00:38:31,373 | INFO | Sweep point fs_in_target_db=-10.0 -> snr_db=0.000, P_tot=79.433 W, noise=3.795e-15 W, I_max=3.777e-14 W
2026-03-19 00:38:33,363 | INFO | Sweep point fs_in_target_db=-14.0 -> snr_db=0.000, P_tot=79.433 W, noise=3.795e-15 W, I_max=1.504e-14 W
2026-03-19 00:38:35,346 | INFO | Saved metrics to results/twc_bcz_f10_full_bundle/legacy_baseline/legacy_no_fs_20260319_003829/metrics.csv
2026-03-19 00:38:35,510 | INFO | Saved plot to results/twc_bcz_f10_full_bundle/legacy_baseline/legacy_no_fs_20260319_003829/figures/summary.png
