2026-03-17 03:03:14,608 | INFO | Experiment directory: results/twc_rr_full_bundle/legacy_baseline/legacy_budget_dual_20260317_030314
2026-03-17 03:03:14,621 | INFO | Selected derived parameters: {'bandwidth_sim_hz': 2880000.0, 'bandwidth_total_hz': 200040000.0, 'bs_power_budget_sim_watt': 1.1436042625459284, 'bs_total_tx_power_watt': 79.43284606933594, 'config_dir': '/home/rsadve1/FR3_DeepUnfolding/configs', 'config_path': '/home/rsadve1/FR3_DeepUnfolding/configs/twc_rr_full.yaml', 'fixed_service_enabled': True, 'fs_i_max_dbm': -104.22878745280337, 'fs_i_max_watt': 3.776772528074103e-14, 'fs_noise_dbm': -94.22878745280337, 'fs_noise_watt': 3.776772460311467e-13, 'num_bs': 21, 'num_cells': 7, 'num_re_sim': 24, 'num_ut': 42, 're_scaling': 69.45833333333333, 'tf_precision': 'single', 'u_per_bs': 2, 'ue_noise_re_dbm': -114.20818753952375, 'ue_noise_re_watt': 3.794728779522947e-15, 'warning_non_integer_re_scaling': True}
2026-03-17 03:03:14,648 | INFO | Sweep enabled=True variable=fs_in_target_db values=[-6.0, -10.0, -14.0]
2026-03-17 03:03:14,648 | INFO | Monte Carlo: num_batches=4 batch_size=2
2026-03-17 03:03:14,648 | INFO | Fixed service enabled=True
2026-03-17 03:03:14,652 | INFO | Sweep point fs_in_target_db=-6.0 -> snr_db=0.000, P_tot=79.433 W, noise=3.795e-15 W, I_max=9.487e-14 W
2026-03-17 03:04:12,128 | INFO | Sweep point fs_in_target_db=-10.0 -> snr_db=0.000, P_tot=79.433 W, noise=3.795e-15 W, I_max=3.777e-14 W
2026-03-17 03:05:05,262 | INFO | Sweep point fs_in_target_db=-14.0 -> snr_db=0.000, P_tot=79.433 W, noise=3.795e-15 W, I_max=1.504e-14 W
2026-03-17 03:05:58,218 | INFO | Saved metrics to results/twc_rr_full_bundle/legacy_baseline/legacy_budget_dual_20260317_030314/metrics.csv
2026-03-17 03:05:58,418 | INFO | Saved plot to results/twc_rr_full_bundle/legacy_baseline/legacy_budget_dual_20260317_030314/figures/summary.png
2026-03-17 03:05:58,468 | INFO | Experiment directory: results/twc_rr_full_bundle/legacy_baseline/legacy_hard_null_20260317_030558
2026-03-17 03:05:58,468 | INFO | Selected derived parameters: {'bandwidth_sim_hz': 2880000.0, 'bandwidth_total_hz': 200040000.0, 'bs_power_budget_sim_watt': 1.1436042625459284, 'bs_total_tx_power_watt': 79.43284606933594, 'config_dir': '/home/rsadve1/FR3_DeepUnfolding/configs', 'config_path': '/home/rsadve1/FR3_DeepUnfolding/configs/twc_rr_full.yaml', 'fixed_service_enabled': True, 'fs_i_max_dbm': -104.22878745280337, 'fs_i_max_watt': 3.776772528074103e-14, 'fs_noise_dbm': -94.22878745280337, 'fs_noise_watt': 3.776772460311467e-13, 'num_bs': 21, 'num_cells': 7, 'num_re_sim': 24, 'num_ut': 42, 're_scaling': 69.45833333333333, 'tf_precision': 'single', 'u_per_bs': 2, 'ue_noise_re_dbm': -114.20818753952375, 'ue_noise_re_watt': 3.794728779522947e-15, 'warning_non_integer_re_scaling': True}
2026-03-17 03:05:58,480 | INFO | Sweep enabled=True variable=fs_in_target_db values=[-6.0, -10.0, -14.0]
2026-03-17 03:05:58,480 | INFO | Monte Carlo: num_batches=4 batch_size=2
2026-03-17 03:05:58,480 | INFO | Fixed service enabled=True
2026-03-17 03:05:58,483 | INFO | Sweep point fs_in_target_db=-6.0 -> snr_db=0.000, P_tot=79.433 W, noise=3.795e-15 W, I_max=9.487e-14 W
2026-03-17 03:06:00,807 | INFO | Sweep point fs_in_target_db=-10.0 -> snr_db=0.000, P_tot=79.433 W, noise=3.795e-15 W, I_max=3.777e-14 W
2026-03-17 03:06:03,025 | INFO | Sweep point fs_in_target_db=-14.0 -> snr_db=0.000, P_tot=79.433 W, noise=3.795e-15 W, I_max=1.504e-14 W
2026-03-17 03:06:05,256 | INFO | Saved metrics to results/twc_rr_full_bundle/legacy_baseline/legacy_hard_null_20260317_030558/metrics.csv
2026-03-17 03:06:05,416 | INFO | Saved plot to results/twc_rr_full_bundle/legacy_baseline/legacy_hard_null_20260317_030558/figures/summary.png
2026-03-17 03:06:05,461 | INFO | Experiment directory: results/twc_rr_full_bundle/legacy_baseline/legacy_no_fs_20260317_030605
2026-03-17 03:06:05,462 | INFO | Selected derived parameters: {'bandwidth_sim_hz': 2880000.0, 'bandwidth_total_hz': 200040000.0, 'bs_power_budget_sim_watt': 1.1436042625459284, 'bs_total_tx_power_watt': 79.43284606933594, 'config_dir': '/home/rsadve1/FR3_DeepUnfolding/configs', 'config_path': '/home/rsadve1/FR3_DeepUnfolding/configs/twc_rr_full.yaml', 'fixed_service_enabled': True, 'fs_i_max_dbm': -104.22878745280337, 'fs_i_max_watt': 3.776772528074103e-14, 'fs_noise_dbm': -94.22878745280337, 'fs_noise_watt': 3.776772460311467e-13, 'num_bs': 21, 'num_cells': 7, 'num_re_sim': 24, 'num_ut': 42, 're_scaling': 69.45833333333333, 'tf_precision': 'single', 'u_per_bs': 2, 'ue_noise_re_dbm': -114.20818753952375, 'ue_noise_re_watt': 3.794728779522947e-15, 'warning_non_integer_re_scaling': True}
2026-03-17 03:06:05,474 | INFO | Sweep enabled=True variable=fs_in_target_db values=[-6.0, -10.0, -14.0]
2026-03-17 03:06:05,474 | INFO | Monte Carlo: num_batches=4 batch_size=2
2026-03-17 03:06:05,474 | INFO | Fixed service enabled=True
2026-03-17 03:06:05,477 | INFO | Sweep point fs_in_target_db=-6.0 -> snr_db=0.000, P_tot=79.433 W, noise=3.795e-15 W, I_max=9.487e-14 W
2026-03-17 03:06:07,575 | INFO | Sweep point fs_in_target_db=-10.0 -> snr_db=0.000, P_tot=79.433 W, noise=3.795e-15 W, I_max=3.777e-14 W
2026-03-17 03:06:09,580 | INFO | Sweep point fs_in_target_db=-14.0 -> snr_db=0.000, P_tot=79.433 W, noise=3.795e-15 W, I_max=1.504e-14 W
2026-03-17 03:06:11,585 | INFO | Saved metrics to results/twc_rr_full_bundle/legacy_baseline/legacy_no_fs_20260317_030605/metrics.csv
2026-03-17 03:06:11,743 | INFO | Saved plot to results/twc_rr_full_bundle/legacy_baseline/legacy_no_fs_20260317_030605/figures/summary.png
