2026-03-14 18:43:35,932 | INFO | Experiment directory: results/twc_smoke_bundle/legacy_baseline/legacy_budget_dual_20260314_184335
2026-03-14 18:43:35,933 | INFO | Selected derived parameters: {'bandwidth_sim_hz': 1440000.0, 'bandwidth_total_hz': 200040000.0, 'bs_power_budget_sim_watt': 0.5718021312729642, 'bs_total_tx_power_watt': 79.43284606933594, 'config_dir': '/home/rsadve1/FR3_DeepUnfolding/configs', 'config_path': '/home/rsadve1/FR3_DeepUnfolding/configs/twc_smoke.yaml', 'fixed_service_enabled': True, 'fs_i_max_dbm': -104.22878745280337, 'fs_i_max_watt': 3.776772528074103e-14, 'fs_noise_dbm': -94.22878745280337, 'fs_noise_watt': 3.776772460311467e-13, 'num_bs': 9, 'num_cells': 3, 'num_re_sim': 12, 'num_ut': 18, 're_scaling': 138.91666666666666, 'tf_precision': 'single', 'u_per_bs': 2, 'ue_noise_re_dbm': -114.20818753952375, 'ue_noise_re_watt': 3.794728779522947e-15, 'warning_non_integer_re_scaling': True}
2026-03-14 18:43:35,943 | INFO | freeze_topology=True -> using a single fixed BS/UE geometry for all batches and sweep points.
2026-03-14 18:43:39,468 | INFO | Sweep enabled=True variable=fs_in_target_db values=[-6.0, -10.0, -14.0]
2026-03-14 18:43:39,468 | INFO | Monte Carlo: num_batches=2 batch_size=1
2026-03-14 18:43:39,468 | INFO | Fixed service enabled=True
2026-03-14 18:43:39,469 | INFO | Sweep point fs_in_target_db=-6.0 -> snr_db=0.000, P_tot=79.433 W, noise=3.795e-15 W, I_max=9.487e-14 W
2026-03-14 18:44:05,583 | INFO | Sweep point fs_in_target_db=-10.0 -> snr_db=0.000, P_tot=79.433 W, noise=3.795e-15 W, I_max=3.777e-14 W
2026-03-14 18:44:31,154 | INFO | Sweep point fs_in_target_db=-14.0 -> snr_db=0.000, P_tot=79.433 W, noise=3.795e-15 W, I_max=1.504e-14 W
2026-03-14 18:44:44,345 | INFO | Saved metrics to results/twc_smoke_bundle/legacy_baseline/legacy_budget_dual_20260314_184335/metrics.csv
2026-03-14 18:44:44,558 | INFO | Saved plot to results/twc_smoke_bundle/legacy_baseline/legacy_budget_dual_20260314_184335/figures/summary.png
2026-03-14 18:44:44,598 | INFO | Experiment directory: results/twc_smoke_bundle/legacy_baseline/legacy_hard_null_20260314_184444
2026-03-14 18:44:44,598 | INFO | Selected derived parameters: {'bandwidth_sim_hz': 1440000.0, 'bandwidth_total_hz': 200040000.0, 'bs_power_budget_sim_watt': 0.5718021312729642, 'bs_total_tx_power_watt': 79.43284606933594, 'config_dir': '/home/rsadve1/FR3_DeepUnfolding/configs', 'config_path': '/home/rsadve1/FR3_DeepUnfolding/configs/twc_smoke.yaml', 'fixed_service_enabled': True, 'fs_i_max_dbm': -104.22878745280337, 'fs_i_max_watt': 3.776772528074103e-14, 'fs_noise_dbm': -94.22878745280337, 'fs_noise_watt': 3.776772460311467e-13, 'num_bs': 9, 'num_cells': 3, 'num_re_sim': 12, 'num_ut': 18, 're_scaling': 138.91666666666666, 'tf_precision': 'single', 'u_per_bs': 2, 'ue_noise_re_dbm': -114.20818753952375, 'ue_noise_re_watt': 3.794728779522947e-15, 'warning_non_integer_re_scaling': True}
2026-03-14 18:44:44,619 | INFO | freeze_topology=True -> using a single fixed BS/UE geometry for all batches and sweep points.
2026-03-14 18:44:44,753 | INFO | Sweep enabled=True variable=fs_in_target_db values=[-6.0, -10.0, -14.0]
2026-03-14 18:44:44,754 | INFO | Monte Carlo: num_batches=2 batch_size=1
2026-03-14 18:44:44,754 | INFO | Fixed service enabled=True
2026-03-14 18:44:44,755 | INFO | Sweep point fs_in_target_db=-6.0 -> snr_db=0.000, P_tot=79.433 W, noise=3.795e-15 W, I_max=9.487e-14 W
2026-03-14 18:44:45,692 | INFO | Sweep point fs_in_target_db=-10.0 -> snr_db=0.000, P_tot=79.433 W, noise=3.795e-15 W, I_max=3.777e-14 W
2026-03-14 18:44:46,580 | INFO | Sweep point fs_in_target_db=-14.0 -> snr_db=0.000, P_tot=79.433 W, noise=3.795e-15 W, I_max=1.504e-14 W
2026-03-14 18:44:47,470 | INFO | Saved metrics to results/twc_smoke_bundle/legacy_baseline/legacy_hard_null_20260314_184444/metrics.csv
2026-03-14 18:44:47,613 | INFO | Saved plot to results/twc_smoke_bundle/legacy_baseline/legacy_hard_null_20260314_184444/figures/summary.png
2026-03-14 18:44:47,649 | INFO | Experiment directory: results/twc_smoke_bundle/legacy_baseline/legacy_no_fs_20260314_184447
2026-03-14 18:44:47,649 | INFO | Selected derived parameters: {'bandwidth_sim_hz': 1440000.0, 'bandwidth_total_hz': 200040000.0, 'bs_power_budget_sim_watt': 0.5718021312729642, 'bs_total_tx_power_watt': 79.43284606933594, 'config_dir': '/home/rsadve1/FR3_DeepUnfolding/configs', 'config_path': '/home/rsadve1/FR3_DeepUnfolding/configs/twc_smoke.yaml', 'fixed_service_enabled': True, 'fs_i_max_dbm': -104.22878745280337, 'fs_i_max_watt': 3.776772528074103e-14, 'fs_noise_dbm': -94.22878745280337, 'fs_noise_watt': 3.776772460311467e-13, 'num_bs': 9, 'num_cells': 3, 'num_re_sim': 12, 'num_ut': 18, 're_scaling': 138.91666666666666, 'tf_precision': 'single', 'u_per_bs': 2, 'ue_noise_re_dbm': -114.20818753952375, 'ue_noise_re_watt': 3.794728779522947e-15, 'warning_non_integer_re_scaling': True}
2026-03-14 18:44:47,659 | INFO | freeze_topology=True -> using a single fixed BS/UE geometry for all batches and sweep points.
2026-03-14 18:44:47,787 | INFO | Sweep enabled=True variable=fs_in_target_db values=[-6.0, -10.0, -14.0]
2026-03-14 18:44:47,787 | INFO | Monte Carlo: num_batches=2 batch_size=1
2026-03-14 18:44:47,787 | INFO | Fixed service enabled=True
2026-03-14 18:44:47,788 | INFO | Sweep point fs_in_target_db=-6.0 -> snr_db=0.000, P_tot=79.433 W, noise=3.795e-15 W, I_max=9.487e-14 W
2026-03-14 18:44:48,652 | INFO | Sweep point fs_in_target_db=-10.0 -> snr_db=0.000, P_tot=79.433 W, noise=3.795e-15 W, I_max=3.777e-14 W
2026-03-14 18:44:49,464 | INFO | Sweep point fs_in_target_db=-14.0 -> snr_db=0.000, P_tot=79.433 W, noise=3.795e-15 W, I_max=1.504e-14 W
2026-03-14 18:44:50,284 | INFO | Saved metrics to results/twc_smoke_bundle/legacy_baseline/legacy_no_fs_20260314_184447/metrics.csv
2026-03-14 18:44:50,434 | INFO | Saved plot to results/twc_smoke_bundle/legacy_baseline/legacy_no_fs_20260314_184447/figures/summary.png
