2026-03-14 19:30:23,132 | INFO | Experiment directory: results/twc_full_bundle/legacy_baseline/legacy_budget_dual_20260314_193023
2026-03-14 19:30:23,142 | INFO | Selected derived parameters: {'bandwidth_sim_hz': 2880000.0, 'bandwidth_total_hz': 200040000.0, 'bs_power_budget_sim_watt': 1.1436042625459284, 'bs_total_tx_power_watt': 79.43284606933594, 'config_dir': '/home/rsadve1/FR3_DeepUnfolding/configs', 'config_path': '/home/rsadve1/FR3_DeepUnfolding/configs/twc_legacy_baseline.yaml', 'fixed_service_enabled': True, 'fs_i_max_dbm': -104.22878745280337, 'fs_i_max_watt': 3.776772528074103e-14, 'fs_noise_dbm': -94.22878745280337, 'fs_noise_watt': 3.776772460311467e-13, 'num_bs': 21, 'num_cells': 7, 'num_re_sim': 24, 'num_ut': 42, 're_scaling': 69.45833333333333, 'tf_precision': 'single', 'u_per_bs': 2, 'ue_noise_re_dbm': -114.20818753952375, 'ue_noise_re_watt': 3.794728779522947e-15, 'warning_non_integer_re_scaling': True}
2026-03-14 19:30:23,161 | INFO | freeze_topology=True -> using a single fixed BS/UE geometry for all batches and sweep points.
2026-03-14 19:30:26,500 | INFO | Sweep enabled=True variable=fs_in_target_db values=[-6.0, -10.0, -14.0]
2026-03-14 19:30:26,500 | INFO | Monte Carlo: num_batches=4 batch_size=2
2026-03-14 19:30:26,500 | INFO | Fixed service enabled=True
2026-03-14 19:30:26,502 | INFO | Sweep point fs_in_target_db=-6.0 -> snr_db=0.000, P_tot=79.433 W, noise=3.795e-15 W, I_max=9.487e-14 W
2026-03-14 19:31:19,353 | INFO | Sweep point fs_in_target_db=-10.0 -> snr_db=0.000, P_tot=79.433 W, noise=3.795e-15 W, I_max=3.777e-14 W
2026-03-14 19:32:10,397 | INFO | Sweep point fs_in_target_db=-14.0 -> snr_db=0.000, P_tot=79.433 W, noise=3.795e-15 W, I_max=1.504e-14 W
2026-03-14 19:33:01,421 | INFO | Saved metrics to results/twc_full_bundle/legacy_baseline/legacy_budget_dual_20260314_193023/metrics.csv
2026-03-14 19:33:01,631 | INFO | Saved plot to results/twc_full_bundle/legacy_baseline/legacy_budget_dual_20260314_193023/figures/summary.png
2026-03-14 19:33:01,675 | INFO | Experiment directory: results/twc_full_bundle/legacy_baseline/legacy_hard_null_20260314_193301
2026-03-14 19:33:01,675 | INFO | Selected derived parameters: {'bandwidth_sim_hz': 2880000.0, 'bandwidth_total_hz': 200040000.0, 'bs_power_budget_sim_watt': 1.1436042625459284, 'bs_total_tx_power_watt': 79.43284606933594, 'config_dir': '/home/rsadve1/FR3_DeepUnfolding/configs', 'config_path': '/home/rsadve1/FR3_DeepUnfolding/configs/twc_legacy_baseline.yaml', 'fixed_service_enabled': True, 'fs_i_max_dbm': -104.22878745280337, 'fs_i_max_watt': 3.776772528074103e-14, 'fs_noise_dbm': -94.22878745280337, 'fs_noise_watt': 3.776772460311467e-13, 'num_bs': 21, 'num_cells': 7, 'num_re_sim': 24, 'num_ut': 42, 're_scaling': 69.45833333333333, 'tf_precision': 'single', 'u_per_bs': 2, 'ue_noise_re_dbm': -114.20818753952375, 'ue_noise_re_watt': 3.794728779522947e-15, 'warning_non_integer_re_scaling': True}
2026-03-14 19:33:01,694 | INFO | freeze_topology=True -> using a single fixed BS/UE geometry for all batches and sweep points.
2026-03-14 19:33:01,830 | INFO | Sweep enabled=True variable=fs_in_target_db values=[-6.0, -10.0, -14.0]
2026-03-14 19:33:01,830 | INFO | Monte Carlo: num_batches=4 batch_size=2
2026-03-14 19:33:01,830 | INFO | Fixed service enabled=True
2026-03-14 19:33:01,831 | INFO | Sweep point fs_in_target_db=-6.0 -> snr_db=0.000, P_tot=79.433 W, noise=3.795e-15 W, I_max=9.487e-14 W
2026-03-14 19:33:03,728 | INFO | Sweep point fs_in_target_db=-10.0 -> snr_db=0.000, P_tot=79.433 W, noise=3.795e-15 W, I_max=3.777e-14 W
2026-03-14 19:33:05,566 | INFO | Sweep point fs_in_target_db=-14.0 -> snr_db=0.000, P_tot=79.433 W, noise=3.795e-15 W, I_max=1.504e-14 W
2026-03-14 19:33:07,418 | INFO | Saved metrics to results/twc_full_bundle/legacy_baseline/legacy_hard_null_20260314_193301/metrics.csv
2026-03-14 19:33:07,578 | INFO | Saved plot to results/twc_full_bundle/legacy_baseline/legacy_hard_null_20260314_193301/figures/summary.png
2026-03-14 19:33:07,618 | INFO | Experiment directory: results/twc_full_bundle/legacy_baseline/legacy_no_fs_20260314_193307
2026-03-14 19:33:07,618 | INFO | Selected derived parameters: {'bandwidth_sim_hz': 2880000.0, 'bandwidth_total_hz': 200040000.0, 'bs_power_budget_sim_watt': 1.1436042625459284, 'bs_total_tx_power_watt': 79.43284606933594, 'config_dir': '/home/rsadve1/FR3_DeepUnfolding/configs', 'config_path': '/home/rsadve1/FR3_DeepUnfolding/configs/twc_legacy_baseline.yaml', 'fixed_service_enabled': True, 'fs_i_max_dbm': -104.22878745280337, 'fs_i_max_watt': 3.776772528074103e-14, 'fs_noise_dbm': -94.22878745280337, 'fs_noise_watt': 3.776772460311467e-13, 'num_bs': 21, 'num_cells': 7, 'num_re_sim': 24, 'num_ut': 42, 're_scaling': 69.45833333333333, 'tf_precision': 'single', 'u_per_bs': 2, 'ue_noise_re_dbm': -114.20818753952375, 'ue_noise_re_watt': 3.794728779522947e-15, 'warning_non_integer_re_scaling': True}
2026-03-14 19:33:07,629 | INFO | freeze_topology=True -> using a single fixed BS/UE geometry for all batches and sweep points.
2026-03-14 19:33:07,759 | INFO | Sweep enabled=True variable=fs_in_target_db values=[-6.0, -10.0, -14.0]
2026-03-14 19:33:07,759 | INFO | Monte Carlo: num_batches=4 batch_size=2
2026-03-14 19:33:07,759 | INFO | Fixed service enabled=True
2026-03-14 19:33:07,760 | INFO | Sweep point fs_in_target_db=-6.0 -> snr_db=0.000, P_tot=79.433 W, noise=3.795e-15 W, I_max=9.487e-14 W
2026-03-14 19:33:09,441 | INFO | Sweep point fs_in_target_db=-10.0 -> snr_db=0.000, P_tot=79.433 W, noise=3.795e-15 W, I_max=3.777e-14 W
2026-03-14 19:33:11,061 | INFO | Sweep point fs_in_target_db=-14.0 -> snr_db=0.000, P_tot=79.433 W, noise=3.795e-15 W, I_max=1.504e-14 W
2026-03-14 19:33:12,685 | INFO | Saved metrics to results/twc_full_bundle/legacy_baseline/legacy_no_fs_20260314_193307/metrics.csv
2026-03-14 19:33:12,835 | INFO | Saved plot to results/twc_full_bundle/legacy_baseline/legacy_no_fs_20260314_193307/figures/summary.png
