2026-03-18 16:10:55,374 | INFO | Experiment directory: results/twc_bcx_b_full_bundle/legacy_baseline/legacy_budget_dual_20260318_161055
2026-03-18 16:10:55,388 | INFO | Selected derived parameters: {'bandwidth_sim_hz': 2880000.0, 'bandwidth_total_hz': 200040000.0, 'bs_power_budget_sim_watt': 1.1436042625459284, 'bs_total_tx_power_watt': 79.43284606933594, 'config_dir': '/home/rsadve1/FR3_DeepUnfolding/configs', 'config_path': '/home/rsadve1/FR3_DeepUnfolding/configs/twc_bcx_b_full.yaml', 'fixed_service_enabled': True, 'fs_i_max_dbm': -104.22878745280337, 'fs_i_max_watt': 3.776772528074103e-14, 'fs_noise_dbm': -94.22878745280337, 'fs_noise_watt': 3.776772460311467e-13, 'num_bs': 21, 'num_cells': 7, 'num_re_sim': 24, 'num_ut': 42, 're_scaling': 69.45833333333333, 'tf_precision': 'single', 'u_per_bs': 2, 'ue_noise_re_dbm': -114.20818753952375, 'ue_noise_re_watt': 3.794728779522947e-15, 'warning_non_integer_re_scaling': True}
2026-03-18 16:10:55,401 | INFO | Sweep enabled=True variable=fs_in_target_db values=[-6.0, -10.0, -14.0]
2026-03-18 16:10:55,401 | INFO | Monte Carlo: num_batches=4 batch_size=2
2026-03-18 16:10:55,401 | INFO | Fixed service enabled=True
2026-03-18 16:10:55,404 | INFO | Sweep point fs_in_target_db=-6.0 -> snr_db=0.000, P_tot=79.433 W, noise=3.795e-15 W, I_max=9.487e-14 W
2026-03-18 16:11:50,777 | INFO | Sweep point fs_in_target_db=-10.0 -> snr_db=0.000, P_tot=79.433 W, noise=3.795e-15 W, I_max=3.777e-14 W
2026-03-18 16:12:42,239 | INFO | Sweep point fs_in_target_db=-14.0 -> snr_db=0.000, P_tot=79.433 W, noise=3.795e-15 W, I_max=1.504e-14 W
2026-03-18 16:13:33,848 | INFO | Saved metrics to results/twc_bcx_b_full_bundle/legacy_baseline/legacy_budget_dual_20260318_161055/metrics.csv
2026-03-18 16:13:34,055 | INFO | Saved plot to results/twc_bcx_b_full_bundle/legacy_baseline/legacy_budget_dual_20260318_161055/figures/summary.png
2026-03-18 16:13:34,107 | INFO | Experiment directory: results/twc_bcx_b_full_bundle/legacy_baseline/legacy_hard_null_20260318_161334
2026-03-18 16:13:34,107 | INFO | Selected derived parameters: {'bandwidth_sim_hz': 2880000.0, 'bandwidth_total_hz': 200040000.0, 'bs_power_budget_sim_watt': 1.1436042625459284, 'bs_total_tx_power_watt': 79.43284606933594, 'config_dir': '/home/rsadve1/FR3_DeepUnfolding/configs', 'config_path': '/home/rsadve1/FR3_DeepUnfolding/configs/twc_bcx_b_full.yaml', 'fixed_service_enabled': True, 'fs_i_max_dbm': -104.22878745280337, 'fs_i_max_watt': 3.776772528074103e-14, 'fs_noise_dbm': -94.22878745280337, 'fs_noise_watt': 3.776772460311467e-13, 'num_bs': 21, 'num_cells': 7, 'num_re_sim': 24, 'num_ut': 42, 're_scaling': 69.45833333333333, 'tf_precision': 'single', 'u_per_bs': 2, 'ue_noise_re_dbm': -114.20818753952375, 'ue_noise_re_watt': 3.794728779522947e-15, 'warning_non_integer_re_scaling': True}
2026-03-18 16:13:34,120 | INFO | Sweep enabled=True variable=fs_in_target_db values=[-6.0, -10.0, -14.0]
2026-03-18 16:13:34,120 | INFO | Monte Carlo: num_batches=4 batch_size=2
2026-03-18 16:13:34,120 | INFO | Fixed service enabled=True
2026-03-18 16:13:34,123 | INFO | Sweep point fs_in_target_db=-6.0 -> snr_db=0.000, P_tot=79.433 W, noise=3.795e-15 W, I_max=9.487e-14 W
2026-03-18 16:13:36,394 | INFO | Sweep point fs_in_target_db=-10.0 -> snr_db=0.000, P_tot=79.433 W, noise=3.795e-15 W, I_max=3.777e-14 W
2026-03-18 16:13:38,563 | INFO | Sweep point fs_in_target_db=-14.0 -> snr_db=0.000, P_tot=79.433 W, noise=3.795e-15 W, I_max=1.504e-14 W
2026-03-18 16:13:40,732 | INFO | Saved metrics to results/twc_bcx_b_full_bundle/legacy_baseline/legacy_hard_null_20260318_161334/metrics.csv
2026-03-18 16:13:40,881 | INFO | Saved plot to results/twc_bcx_b_full_bundle/legacy_baseline/legacy_hard_null_20260318_161334/figures/summary.png
2026-03-18 16:13:40,930 | INFO | Experiment directory: results/twc_bcx_b_full_bundle/legacy_baseline/legacy_no_fs_20260318_161340
2026-03-18 16:13:40,930 | INFO | Selected derived parameters: {'bandwidth_sim_hz': 2880000.0, 'bandwidth_total_hz': 200040000.0, 'bs_power_budget_sim_watt': 1.1436042625459284, 'bs_total_tx_power_watt': 79.43284606933594, 'config_dir': '/home/rsadve1/FR3_DeepUnfolding/configs', 'config_path': '/home/rsadve1/FR3_DeepUnfolding/configs/twc_bcx_b_full.yaml', 'fixed_service_enabled': True, 'fs_i_max_dbm': -104.22878745280337, 'fs_i_max_watt': 3.776772528074103e-14, 'fs_noise_dbm': -94.22878745280337, 'fs_noise_watt': 3.776772460311467e-13, 'num_bs': 21, 'num_cells': 7, 'num_re_sim': 24, 'num_ut': 42, 're_scaling': 69.45833333333333, 'tf_precision': 'single', 'u_per_bs': 2, 'ue_noise_re_dbm': -114.20818753952375, 'ue_noise_re_watt': 3.794728779522947e-15, 'warning_non_integer_re_scaling': True}
2026-03-18 16:13:40,943 | INFO | Sweep enabled=True variable=fs_in_target_db values=[-6.0, -10.0, -14.0]
2026-03-18 16:13:40,943 | INFO | Monte Carlo: num_batches=4 batch_size=2
2026-03-18 16:13:40,943 | INFO | Fixed service enabled=True
2026-03-18 16:13:40,946 | INFO | Sweep point fs_in_target_db=-6.0 -> snr_db=0.000, P_tot=79.433 W, noise=3.795e-15 W, I_max=9.487e-14 W
2026-03-18 16:13:42,980 | INFO | Sweep point fs_in_target_db=-10.0 -> snr_db=0.000, P_tot=79.433 W, noise=3.795e-15 W, I_max=3.777e-14 W
2026-03-18 16:13:44,930 | INFO | Sweep point fs_in_target_db=-14.0 -> snr_db=0.000, P_tot=79.433 W, noise=3.795e-15 W, I_max=1.504e-14 W
2026-03-18 16:13:46,885 | INFO | Saved metrics to results/twc_bcx_b_full_bundle/legacy_baseline/legacy_no_fs_20260318_161340/metrics.csv
2026-03-18 16:13:47,047 | INFO | Saved plot to results/twc_bcx_b_full_bundle/legacy_baseline/legacy_no_fs_20260318_161340/figures/summary.png
