2026-03-16 21:54:22,453 | INFO | Experiment directory: results/twc_fr_full_bundle/legacy_baseline/legacy_budget_dual_20260316_215422
2026-03-16 21:54:22,464 | INFO | Selected derived parameters: {'bandwidth_sim_hz': 2880000.0, 'bandwidth_total_hz': 200040000.0, 'bs_power_budget_sim_watt': 1.1436042625459284, 'bs_total_tx_power_watt': 79.43284606933594, 'config_dir': '/home/rsadve1/FR3_DeepUnfolding/configs', 'config_path': '/home/rsadve1/FR3_DeepUnfolding/configs/twc_fr_full.yaml', 'fixed_service_enabled': True, 'fs_i_max_dbm': -104.22878745280337, 'fs_i_max_watt': 3.776772528074103e-14, 'fs_noise_dbm': -94.22878745280337, 'fs_noise_watt': 3.776772460311467e-13, 'num_bs': 21, 'num_cells': 7, 'num_re_sim': 24, 'num_ut': 42, 're_scaling': 69.45833333333333, 'tf_precision': 'single', 'u_per_bs': 2, 'ue_noise_re_dbm': -114.20818753952375, 'ue_noise_re_watt': 3.794728779522947e-15, 'warning_non_integer_re_scaling': True}
2026-03-16 21:54:22,477 | INFO | Sweep enabled=True variable=fs_in_target_db values=[-6.0, -10.0, -14.0]
2026-03-16 21:54:22,477 | INFO | Monte Carlo: num_batches=4 batch_size=2
2026-03-16 21:54:22,477 | INFO | Fixed service enabled=True
2026-03-16 21:54:22,481 | INFO | Sweep point fs_in_target_db=-6.0 -> snr_db=0.000, P_tot=79.433 W, noise=3.795e-15 W, I_max=9.487e-14 W
2026-03-16 21:55:18,886 | INFO | Sweep point fs_in_target_db=-10.0 -> snr_db=0.000, P_tot=79.433 W, noise=3.795e-15 W, I_max=3.777e-14 W
2026-03-16 21:56:14,960 | INFO | Sweep point fs_in_target_db=-14.0 -> snr_db=0.000, P_tot=79.433 W, noise=3.795e-15 W, I_max=1.504e-14 W
2026-03-16 21:57:11,354 | INFO | Saved metrics to results/twc_fr_full_bundle/legacy_baseline/legacy_budget_dual_20260316_215422/metrics.csv
2026-03-16 21:57:11,530 | INFO | Saved plot to results/twc_fr_full_bundle/legacy_baseline/legacy_budget_dual_20260316_215422/figures/summary.png
2026-03-16 21:57:11,583 | INFO | Experiment directory: results/twc_fr_full_bundle/legacy_baseline/legacy_hard_null_20260316_215711
2026-03-16 21:57:11,583 | INFO | Selected derived parameters: {'bandwidth_sim_hz': 2880000.0, 'bandwidth_total_hz': 200040000.0, 'bs_power_budget_sim_watt': 1.1436042625459284, 'bs_total_tx_power_watt': 79.43284606933594, 'config_dir': '/home/rsadve1/FR3_DeepUnfolding/configs', 'config_path': '/home/rsadve1/FR3_DeepUnfolding/configs/twc_fr_full.yaml', 'fixed_service_enabled': True, 'fs_i_max_dbm': -104.22878745280337, 'fs_i_max_watt': 3.776772528074103e-14, 'fs_noise_dbm': -94.22878745280337, 'fs_noise_watt': 3.776772460311467e-13, 'num_bs': 21, 'num_cells': 7, 'num_re_sim': 24, 'num_ut': 42, 're_scaling': 69.45833333333333, 'tf_precision': 'single', 'u_per_bs': 2, 'ue_noise_re_dbm': -114.20818753952375, 'ue_noise_re_watt': 3.794728779522947e-15, 'warning_non_integer_re_scaling': True}
2026-03-16 21:57:11,596 | INFO | Sweep enabled=True variable=fs_in_target_db values=[-6.0, -10.0, -14.0]
2026-03-16 21:57:11,596 | INFO | Monte Carlo: num_batches=4 batch_size=2
2026-03-16 21:57:11,596 | INFO | Fixed service enabled=True
2026-03-16 21:57:11,599 | INFO | Sweep point fs_in_target_db=-6.0 -> snr_db=0.000, P_tot=79.433 W, noise=3.795e-15 W, I_max=9.487e-14 W
2026-03-16 21:57:14,136 | INFO | Sweep point fs_in_target_db=-10.0 -> snr_db=0.000, P_tot=79.433 W, noise=3.795e-15 W, I_max=3.777e-14 W
2026-03-16 21:57:16,357 | INFO | Sweep point fs_in_target_db=-14.0 -> snr_db=0.000, P_tot=79.433 W, noise=3.795e-15 W, I_max=1.504e-14 W
2026-03-16 21:57:19,109 | INFO | Saved metrics to results/twc_fr_full_bundle/legacy_baseline/legacy_hard_null_20260316_215711/metrics.csv
2026-03-16 21:57:19,265 | INFO | Saved plot to results/twc_fr_full_bundle/legacy_baseline/legacy_hard_null_20260316_215711/figures/summary.png
2026-03-16 21:57:19,315 | INFO | Experiment directory: results/twc_fr_full_bundle/legacy_baseline/legacy_no_fs_20260316_215719
2026-03-16 21:57:19,315 | INFO | Selected derived parameters: {'bandwidth_sim_hz': 2880000.0, 'bandwidth_total_hz': 200040000.0, 'bs_power_budget_sim_watt': 1.1436042625459284, 'bs_total_tx_power_watt': 79.43284606933594, 'config_dir': '/home/rsadve1/FR3_DeepUnfolding/configs', 'config_path': '/home/rsadve1/FR3_DeepUnfolding/configs/twc_fr_full.yaml', 'fixed_service_enabled': True, 'fs_i_max_dbm': -104.22878745280337, 'fs_i_max_watt': 3.776772528074103e-14, 'fs_noise_dbm': -94.22878745280337, 'fs_noise_watt': 3.776772460311467e-13, 'num_bs': 21, 'num_cells': 7, 'num_re_sim': 24, 'num_ut': 42, 're_scaling': 69.45833333333333, 'tf_precision': 'single', 'u_per_bs': 2, 'ue_noise_re_dbm': -114.20818753952375, 'ue_noise_re_watt': 3.794728779522947e-15, 'warning_non_integer_re_scaling': True}
2026-03-16 21:57:19,335 | INFO | Sweep enabled=True variable=fs_in_target_db values=[-6.0, -10.0, -14.0]
2026-03-16 21:57:19,335 | INFO | Monte Carlo: num_batches=4 batch_size=2
2026-03-16 21:57:19,335 | INFO | Fixed service enabled=True
2026-03-16 21:57:19,338 | INFO | Sweep point fs_in_target_db=-6.0 -> snr_db=0.000, P_tot=79.433 W, noise=3.795e-15 W, I_max=9.487e-14 W
2026-03-16 21:57:21,458 | INFO | Sweep point fs_in_target_db=-10.0 -> snr_db=0.000, P_tot=79.433 W, noise=3.795e-15 W, I_max=3.777e-14 W
2026-03-16 21:57:23,483 | INFO | Sweep point fs_in_target_db=-14.0 -> snr_db=0.000, P_tot=79.433 W, noise=3.795e-15 W, I_max=1.504e-14 W
2026-03-16 21:57:25,723 | INFO | Saved metrics to results/twc_fr_full_bundle/legacy_baseline/legacy_no_fs_20260316_215719/metrics.csv
2026-03-16 21:57:25,881 | INFO | Saved plot to results/twc_fr_full_bundle/legacy_baseline/legacy_no_fs_20260316_215719/figures/summary.png
