2026-03-18 18:44:48,065 | INFO | Experiment directory: results/twc_bcy_f_smoke_bundle/legacy_baseline/legacy_budget_dual_20260318_184448
2026-03-18 18:44:48,074 | INFO | Selected derived parameters: {'bandwidth_sim_hz': 1440000.0, 'bandwidth_total_hz': 200040000.0, 'bs_power_budget_sim_watt': 0.5718021312729642, 'bs_total_tx_power_watt': 79.43284606933594, 'config_dir': '/home/rsadve1/FR3_DeepUnfolding/configs', 'config_path': '/home/rsadve1/FR3_DeepUnfolding/configs/twc_bcy_f_smoke.yaml', 'fixed_service_enabled': True, 'fs_i_max_dbm': -104.22878745280337, 'fs_i_max_watt': 3.776772528074103e-14, 'fs_noise_dbm': -94.22878745280337, 'fs_noise_watt': 3.776772460311467e-13, 'num_bs': 9, 'num_cells': 3, 'num_re_sim': 12, 'num_ut': 18, 're_scaling': 138.91666666666666, 'tf_precision': 'single', 'u_per_bs': 2, 'ue_noise_re_dbm': -114.20818753952375, 'ue_noise_re_watt': 3.794728779522947e-15, 'warning_non_integer_re_scaling': True}
2026-03-18 18:44:48,125 | INFO | Sweep enabled=True variable=fs_in_target_db values=[-6.0, -10.0, -14.0]
2026-03-18 18:44:48,125 | INFO | Monte Carlo: num_batches=2 batch_size=1
2026-03-18 18:44:48,125 | INFO | Fixed service enabled=True
2026-03-18 18:44:48,128 | INFO | Sweep point fs_in_target_db=-6.0 -> snr_db=0.000, P_tot=79.433 W, noise=3.795e-15 W, I_max=9.487e-14 W
2026-03-18 18:45:05,556 | INFO | Sweep point fs_in_target_db=-10.0 -> snr_db=0.000, P_tot=79.433 W, noise=3.795e-15 W, I_max=3.777e-14 W
2026-03-18 18:45:31,788 | INFO | Sweep point fs_in_target_db=-14.0 -> snr_db=0.000, P_tot=79.433 W, noise=3.795e-15 W, I_max=1.504e-14 W
2026-03-18 18:45:58,095 | INFO | Saved metrics to results/twc_bcy_f_smoke_bundle/legacy_baseline/legacy_budget_dual_20260318_184448/metrics.csv
2026-03-18 18:45:58,309 | INFO | Saved plot to results/twc_bcy_f_smoke_bundle/legacy_baseline/legacy_budget_dual_20260318_184448/figures/summary.png
2026-03-18 18:45:58,356 | INFO | Experiment directory: results/twc_bcy_f_smoke_bundle/legacy_baseline/legacy_hard_null_20260318_184558
2026-03-18 18:45:58,356 | INFO | Selected derived parameters: {'bandwidth_sim_hz': 1440000.0, 'bandwidth_total_hz': 200040000.0, 'bs_power_budget_sim_watt': 0.5718021312729642, 'bs_total_tx_power_watt': 79.43284606933594, 'config_dir': '/home/rsadve1/FR3_DeepUnfolding/configs', 'config_path': '/home/rsadve1/FR3_DeepUnfolding/configs/twc_bcy_f_smoke.yaml', 'fixed_service_enabled': True, 'fs_i_max_dbm': -104.22878745280337, 'fs_i_max_watt': 3.776772528074103e-14, 'fs_noise_dbm': -94.22878745280337, 'fs_noise_watt': 3.776772460311467e-13, 'num_bs': 9, 'num_cells': 3, 'num_re_sim': 12, 'num_ut': 18, 're_scaling': 138.91666666666666, 'tf_precision': 'single', 'u_per_bs': 2, 'ue_noise_re_dbm': -114.20818753952375, 'ue_noise_re_watt': 3.794728779522947e-15, 'warning_non_integer_re_scaling': True}
2026-03-18 18:45:58,378 | INFO | Sweep enabled=True variable=fs_in_target_db values=[-6.0, -10.0, -14.0]
2026-03-18 18:45:58,378 | INFO | Monte Carlo: num_batches=2 batch_size=1
2026-03-18 18:45:58,378 | INFO | Fixed service enabled=True
2026-03-18 18:45:58,381 | INFO | Sweep point fs_in_target_db=-6.0 -> snr_db=0.000, P_tot=79.433 W, noise=3.795e-15 W, I_max=9.487e-14 W
2026-03-18 18:45:59,549 | INFO | Sweep point fs_in_target_db=-10.0 -> snr_db=0.000, P_tot=79.433 W, noise=3.795e-15 W, I_max=3.777e-14 W
2026-03-18 18:46:00,606 | INFO | Sweep point fs_in_target_db=-14.0 -> snr_db=0.000, P_tot=79.433 W, noise=3.795e-15 W, I_max=1.504e-14 W
2026-03-18 18:46:01,674 | INFO | Saved metrics to results/twc_bcy_f_smoke_bundle/legacy_baseline/legacy_hard_null_20260318_184558/metrics.csv
2026-03-18 18:46:01,833 | INFO | Saved plot to results/twc_bcy_f_smoke_bundle/legacy_baseline/legacy_hard_null_20260318_184558/figures/summary.png
2026-03-18 18:46:01,873 | INFO | Experiment directory: results/twc_bcy_f_smoke_bundle/legacy_baseline/legacy_no_fs_20260318_184601
2026-03-18 18:46:01,873 | INFO | Selected derived parameters: {'bandwidth_sim_hz': 1440000.0, 'bandwidth_total_hz': 200040000.0, 'bs_power_budget_sim_watt': 0.5718021312729642, 'bs_total_tx_power_watt': 79.43284606933594, 'config_dir': '/home/rsadve1/FR3_DeepUnfolding/configs', 'config_path': '/home/rsadve1/FR3_DeepUnfolding/configs/twc_bcy_f_smoke.yaml', 'fixed_service_enabled': True, 'fs_i_max_dbm': -104.22878745280337, 'fs_i_max_watt': 3.776772528074103e-14, 'fs_noise_dbm': -94.22878745280337, 'fs_noise_watt': 3.776772460311467e-13, 'num_bs': 9, 'num_cells': 3, 'num_re_sim': 12, 'num_ut': 18, 're_scaling': 138.91666666666666, 'tf_precision': 'single', 'u_per_bs': 2, 'ue_noise_re_dbm': -114.20818753952375, 'ue_noise_re_watt': 3.794728779522947e-15, 'warning_non_integer_re_scaling': True}
2026-03-18 18:46:01,886 | INFO | Sweep enabled=True variable=fs_in_target_db values=[-6.0, -10.0, -14.0]
2026-03-18 18:46:01,886 | INFO | Monte Carlo: num_batches=2 batch_size=1
2026-03-18 18:46:01,886 | INFO | Fixed service enabled=True
2026-03-18 18:46:01,889 | INFO | Sweep point fs_in_target_db=-6.0 -> snr_db=0.000, P_tot=79.433 W, noise=3.795e-15 W, I_max=9.487e-14 W
2026-03-18 18:46:02,962 | INFO | Sweep point fs_in_target_db=-10.0 -> snr_db=0.000, P_tot=79.433 W, noise=3.795e-15 W, I_max=3.777e-14 W
2026-03-18 18:46:03,946 | INFO | Sweep point fs_in_target_db=-14.0 -> snr_db=0.000, P_tot=79.433 W, noise=3.795e-15 W, I_max=1.504e-14 W
2026-03-18 18:46:04,931 | INFO | Saved metrics to results/twc_bcy_f_smoke_bundle/legacy_baseline/legacy_no_fs_20260318_184601/metrics.csv
2026-03-18 18:46:05,094 | INFO | Saved plot to results/twc_bcy_f_smoke_bundle/legacy_baseline/legacy_no_fs_20260318_184601/figures/summary.png
