2026-03-15 02:54:56,892 | INFO | Experiment directory: results/twc_full_bundle/legacy_baseline/legacy_budget_dual_20260315_025456
2026-03-15 02:54:56,900 | INFO | Selected derived parameters: {'bandwidth_sim_hz': 2880000.0, 'bandwidth_total_hz': 200040000.0, 'bs_power_budget_sim_watt': 1.1436042625459284, 'bs_total_tx_power_watt': 79.43284606933594, 'config_dir': '/home/rsadve1/FR3_DeepUnfolding/configs', 'config_path': '/home/rsadve1/FR3_DeepUnfolding/configs/twc_legacy_baseline.yaml', 'fixed_service_enabled': True, 'fs_i_max_dbm': -104.22878745280337, 'fs_i_max_watt': 3.776772528074103e-14, 'fs_noise_dbm': -94.22878745280337, 'fs_noise_watt': 3.776772460311467e-13, 'num_bs': 21, 'num_cells': 7, 'num_re_sim': 24, 'num_ut': 42, 're_scaling': 69.45833333333333, 'tf_precision': 'single', 'u_per_bs': 2, 'ue_noise_re_dbm': -114.20818753952375, 'ue_noise_re_watt': 3.794728779522947e-15, 'warning_non_integer_re_scaling': True}
2026-03-15 02:54:56,917 | INFO | freeze_topology=True -> using a single fixed BS/UE geometry for all batches and sweep points.
2026-03-15 02:55:00,181 | INFO | Sweep enabled=True variable=fs_in_target_db values=[-6.0, -10.0, -14.0]
2026-03-15 02:55:00,181 | INFO | Monte Carlo: num_batches=4 batch_size=2
2026-03-15 02:55:00,181 | INFO | Fixed service enabled=True
2026-03-15 02:55:00,182 | INFO | Sweep point fs_in_target_db=-6.0 -> snr_db=0.000, P_tot=79.433 W, noise=3.795e-15 W, I_max=9.487e-14 W
2026-03-15 02:55:52,578 | INFO | Sweep point fs_in_target_db=-10.0 -> snr_db=0.000, P_tot=79.433 W, noise=3.795e-15 W, I_max=3.777e-14 W
2026-03-15 02:56:44,342 | INFO | Sweep point fs_in_target_db=-14.0 -> snr_db=0.000, P_tot=79.433 W, noise=3.795e-15 W, I_max=1.504e-14 W
2026-03-15 02:57:36,061 | INFO | Saved metrics to results/twc_full_bundle/legacy_baseline/legacy_budget_dual_20260315_025456/metrics.csv
2026-03-15 02:57:36,277 | INFO | Saved plot to results/twc_full_bundle/legacy_baseline/legacy_budget_dual_20260315_025456/figures/summary.png
2026-03-15 02:57:36,321 | INFO | Experiment directory: results/twc_full_bundle/legacy_baseline/legacy_hard_null_20260315_025736
2026-03-15 02:57:36,321 | INFO | Selected derived parameters: {'bandwidth_sim_hz': 2880000.0, 'bandwidth_total_hz': 200040000.0, 'bs_power_budget_sim_watt': 1.1436042625459284, 'bs_total_tx_power_watt': 79.43284606933594, 'config_dir': '/home/rsadve1/FR3_DeepUnfolding/configs', 'config_path': '/home/rsadve1/FR3_DeepUnfolding/configs/twc_legacy_baseline.yaml', 'fixed_service_enabled': True, 'fs_i_max_dbm': -104.22878745280337, 'fs_i_max_watt': 3.776772528074103e-14, 'fs_noise_dbm': -94.22878745280337, 'fs_noise_watt': 3.776772460311467e-13, 'num_bs': 21, 'num_cells': 7, 'num_re_sim': 24, 'num_ut': 42, 're_scaling': 69.45833333333333, 'tf_precision': 'single', 'u_per_bs': 2, 'ue_noise_re_dbm': -114.20818753952375, 'ue_noise_re_watt': 3.794728779522947e-15, 'warning_non_integer_re_scaling': True}
2026-03-15 02:57:36,332 | INFO | freeze_topology=True -> using a single fixed BS/UE geometry for all batches and sweep points.
2026-03-15 02:57:36,470 | INFO | Sweep enabled=True variable=fs_in_target_db values=[-6.0, -10.0, -14.0]
2026-03-15 02:57:36,470 | INFO | Monte Carlo: num_batches=4 batch_size=2
2026-03-15 02:57:36,471 | INFO | Fixed service enabled=True
2026-03-15 02:57:36,471 | INFO | Sweep point fs_in_target_db=-6.0 -> snr_db=0.000, P_tot=79.433 W, noise=3.795e-15 W, I_max=9.487e-14 W
2026-03-15 02:57:38,378 | INFO | Sweep point fs_in_target_db=-10.0 -> snr_db=0.000, P_tot=79.433 W, noise=3.795e-15 W, I_max=3.777e-14 W
2026-03-15 02:57:40,248 | INFO | Sweep point fs_in_target_db=-14.0 -> snr_db=0.000, P_tot=79.433 W, noise=3.795e-15 W, I_max=1.504e-14 W
2026-03-15 02:57:42,119 | INFO | Saved metrics to results/twc_full_bundle/legacy_baseline/legacy_hard_null_20260315_025736/metrics.csv
2026-03-15 02:57:42,277 | INFO | Saved plot to results/twc_full_bundle/legacy_baseline/legacy_hard_null_20260315_025736/figures/summary.png
2026-03-15 02:57:42,317 | INFO | Experiment directory: results/twc_full_bundle/legacy_baseline/legacy_no_fs_20260315_025742
2026-03-15 02:57:42,317 | INFO | Selected derived parameters: {'bandwidth_sim_hz': 2880000.0, 'bandwidth_total_hz': 200040000.0, 'bs_power_budget_sim_watt': 1.1436042625459284, 'bs_total_tx_power_watt': 79.43284606933594, 'config_dir': '/home/rsadve1/FR3_DeepUnfolding/configs', 'config_path': '/home/rsadve1/FR3_DeepUnfolding/configs/twc_legacy_baseline.yaml', 'fixed_service_enabled': True, 'fs_i_max_dbm': -104.22878745280337, 'fs_i_max_watt': 3.776772528074103e-14, 'fs_noise_dbm': -94.22878745280337, 'fs_noise_watt': 3.776772460311467e-13, 'num_bs': 21, 'num_cells': 7, 'num_re_sim': 24, 'num_ut': 42, 're_scaling': 69.45833333333333, 'tf_precision': 'single', 'u_per_bs': 2, 'ue_noise_re_dbm': -114.20818753952375, 'ue_noise_re_watt': 3.794728779522947e-15, 'warning_non_integer_re_scaling': True}
2026-03-15 02:57:42,328 | INFO | freeze_topology=True -> using a single fixed BS/UE geometry for all batches and sweep points.
2026-03-15 02:57:42,461 | INFO | Sweep enabled=True variable=fs_in_target_db values=[-6.0, -10.0, -14.0]
2026-03-15 02:57:42,461 | INFO | Monte Carlo: num_batches=4 batch_size=2
2026-03-15 02:57:42,461 | INFO | Fixed service enabled=True
2026-03-15 02:57:42,462 | INFO | Sweep point fs_in_target_db=-6.0 -> snr_db=0.000, P_tot=79.433 W, noise=3.795e-15 W, I_max=9.487e-14 W
2026-03-15 02:57:44,141 | INFO | Sweep point fs_in_target_db=-10.0 -> snr_db=0.000, P_tot=79.433 W, noise=3.795e-15 W, I_max=3.777e-14 W
2026-03-15 02:57:45,781 | INFO | Sweep point fs_in_target_db=-14.0 -> snr_db=0.000, P_tot=79.433 W, noise=3.795e-15 W, I_max=1.504e-14 W
2026-03-15 02:57:47,529 | INFO | Saved metrics to results/twc_full_bundle/legacy_baseline/legacy_no_fs_20260315_025742/metrics.csv
2026-03-15 02:57:47,700 | INFO | Saved plot to results/twc_full_bundle/legacy_baseline/legacy_no_fs_20260315_025742/figures/summary.png
