2026-03-16 11:35:23,430 | INFO | Experiment directory: results/twc_pd_full_bundle/legacy_baseline/legacy_budget_dual_20260316_113523
2026-03-16 11:35:23,431 | INFO | Selected derived parameters: {'bandwidth_sim_hz': 2880000.0, 'bandwidth_total_hz': 200040000.0, 'bs_power_budget_sim_watt': 1.1436042625459284, 'bs_total_tx_power_watt': 79.43284606933594, 'config_dir': '/home/rsadve1/FR3_DeepUnfolding/configs', 'config_path': '/home/rsadve1/FR3_DeepUnfolding/configs/twc_pd_full.yaml', 'fixed_service_enabled': True, 'fs_i_max_dbm': -104.22878745280337, 'fs_i_max_watt': 3.776772528074103e-14, 'fs_noise_dbm': -94.22878745280337, 'fs_noise_watt': 3.776772460311467e-13, 'num_bs': 21, 'num_cells': 7, 'num_re_sim': 24, 'num_ut': 42, 're_scaling': 69.45833333333333, 'tf_precision': 'single', 'u_per_bs': 2, 'ue_noise_re_dbm': -114.20818753952375, 'ue_noise_re_watt': 3.794728779522947e-15, 'warning_non_integer_re_scaling': True}
2026-03-16 11:35:23,443 | INFO | Sweep enabled=True variable=fs_in_target_db values=[-6.0, -10.0, -14.0]
2026-03-16 11:35:23,443 | INFO | Monte Carlo: num_batches=4 batch_size=2
2026-03-16 11:35:23,443 | INFO | Fixed service enabled=True
2026-03-16 11:35:23,447 | INFO | Sweep point fs_in_target_db=-6.0 -> snr_db=0.000, P_tot=79.433 W, noise=3.795e-15 W, I_max=9.487e-14 W
2026-03-16 11:36:24,878 | INFO | Sweep point fs_in_target_db=-10.0 -> snr_db=0.000, P_tot=79.433 W, noise=3.795e-15 W, I_max=3.777e-14 W
2026-03-16 11:37:22,388 | INFO | Sweep point fs_in_target_db=-14.0 -> snr_db=0.000, P_tot=79.433 W, noise=3.795e-15 W, I_max=1.504e-14 W
2026-03-16 11:38:20,332 | INFO | Saved metrics to results/twc_pd_full_bundle/legacy_baseline/legacy_budget_dual_20260316_113523/metrics.csv
2026-03-16 11:38:20,565 | INFO | Saved plot to results/twc_pd_full_bundle/legacy_baseline/legacy_budget_dual_20260316_113523/figures/summary.png
2026-03-16 11:38:20,631 | INFO | Experiment directory: results/twc_pd_full_bundle/legacy_baseline/legacy_hard_null_20260316_113820
2026-03-16 11:38:20,631 | INFO | Selected derived parameters: {'bandwidth_sim_hz': 2880000.0, 'bandwidth_total_hz': 200040000.0, 'bs_power_budget_sim_watt': 1.1436042625459284, 'bs_total_tx_power_watt': 79.43284606933594, 'config_dir': '/home/rsadve1/FR3_DeepUnfolding/configs', 'config_path': '/home/rsadve1/FR3_DeepUnfolding/configs/twc_pd_full.yaml', 'fixed_service_enabled': True, 'fs_i_max_dbm': -104.22878745280337, 'fs_i_max_watt': 3.776772528074103e-14, 'fs_noise_dbm': -94.22878745280337, 'fs_noise_watt': 3.776772460311467e-13, 'num_bs': 21, 'num_cells': 7, 'num_re_sim': 24, 'num_ut': 42, 're_scaling': 69.45833333333333, 'tf_precision': 'single', 'u_per_bs': 2, 'ue_noise_re_dbm': -114.20818753952375, 'ue_noise_re_watt': 3.794728779522947e-15, 'warning_non_integer_re_scaling': True}
2026-03-16 11:38:20,652 | INFO | Sweep enabled=True variable=fs_in_target_db values=[-6.0, -10.0, -14.0]
2026-03-16 11:38:20,653 | INFO | Monte Carlo: num_batches=4 batch_size=2
2026-03-16 11:38:20,653 | INFO | Fixed service enabled=True
2026-03-16 11:38:20,657 | INFO | Sweep point fs_in_target_db=-6.0 -> snr_db=0.000, P_tot=79.433 W, noise=3.795e-15 W, I_max=9.487e-14 W
2026-03-16 11:38:23,176 | INFO | Sweep point fs_in_target_db=-10.0 -> snr_db=0.000, P_tot=79.433 W, noise=3.795e-15 W, I_max=3.777e-14 W
2026-03-16 11:38:25,576 | INFO | Sweep point fs_in_target_db=-14.0 -> snr_db=0.000, P_tot=79.433 W, noise=3.795e-15 W, I_max=1.504e-14 W
2026-03-16 11:38:27,966 | INFO | Saved metrics to results/twc_pd_full_bundle/legacy_baseline/legacy_hard_null_20260316_113820/metrics.csv
2026-03-16 11:38:28,125 | INFO | Saved plot to results/twc_pd_full_bundle/legacy_baseline/legacy_hard_null_20260316_113820/figures/summary.png
2026-03-16 11:38:28,175 | INFO | Experiment directory: results/twc_pd_full_bundle/legacy_baseline/legacy_no_fs_20260316_113828
2026-03-16 11:38:28,175 | INFO | Selected derived parameters: {'bandwidth_sim_hz': 2880000.0, 'bandwidth_total_hz': 200040000.0, 'bs_power_budget_sim_watt': 1.1436042625459284, 'bs_total_tx_power_watt': 79.43284606933594, 'config_dir': '/home/rsadve1/FR3_DeepUnfolding/configs', 'config_path': '/home/rsadve1/FR3_DeepUnfolding/configs/twc_pd_full.yaml', 'fixed_service_enabled': True, 'fs_i_max_dbm': -104.22878745280337, 'fs_i_max_watt': 3.776772528074103e-14, 'fs_noise_dbm': -94.22878745280337, 'fs_noise_watt': 3.776772460311467e-13, 'num_bs': 21, 'num_cells': 7, 'num_re_sim': 24, 'num_ut': 42, 're_scaling': 69.45833333333333, 'tf_precision': 'single', 'u_per_bs': 2, 'ue_noise_re_dbm': -114.20818753952375, 'ue_noise_re_watt': 3.794728779522947e-15, 'warning_non_integer_re_scaling': True}
2026-03-16 11:38:28,187 | INFO | Sweep enabled=True variable=fs_in_target_db values=[-6.0, -10.0, -14.0]
2026-03-16 11:38:28,188 | INFO | Monte Carlo: num_batches=4 batch_size=2
2026-03-16 11:38:28,188 | INFO | Fixed service enabled=True
2026-03-16 11:38:28,191 | INFO | Sweep point fs_in_target_db=-6.0 -> snr_db=0.000, P_tot=79.433 W, noise=3.795e-15 W, I_max=9.487e-14 W
2026-03-16 11:38:30,452 | INFO | Sweep point fs_in_target_db=-10.0 -> snr_db=0.000, P_tot=79.433 W, noise=3.795e-15 W, I_max=3.777e-14 W
2026-03-16 11:38:32,622 | INFO | Sweep point fs_in_target_db=-14.0 -> snr_db=0.000, P_tot=79.433 W, noise=3.795e-15 W, I_max=1.504e-14 W
2026-03-16 11:38:34,789 | INFO | Saved metrics to results/twc_pd_full_bundle/legacy_baseline/legacy_no_fs_20260316_113828/metrics.csv
2026-03-16 11:38:34,956 | INFO | Saved plot to results/twc_pd_full_bundle/legacy_baseline/legacy_no_fs_20260316_113828/figures/summary.png
